Using pre-set license
Built from '2020.2/staging' branch; Version is '2020.2.6f1 (8a2143876886) revision 9052483'; Using compiler version '192528614'; Build Type 'Release'
OS: 'Windows 10 Pro; OS build 18363.1379; Version 1909; 64bit' Language: 'en' Physical Memory: 32694 MB
BatchMode: 1, IsHumanControllingUs: 0, StartBugReporterOnCrash: 0, Is64bit: 1, IsPro: 0

 COMMAND LINE ARGUMENTS:
C:\Program Files\Unity\Hub\Editor\2020.2.6f1\Editor\Unity.exe
-adb2
-batchMode
-noUpm
-name
AssetImportWorker0
-projectPath
C:/Users/Diogo/Desktop/Sinless/Sinless/SinlessPrototype
-logFile
Logs/AssetImportWorker0.log
-srvPort
57780
Successfully changed project path to: C:/Users/Diogo/Desktop/Sinless/Sinless/SinlessPrototype
C:/Users/Diogo/Desktop/Sinless/Sinless/SinlessPrototype
Using Asset Import Pipeline V2.
Refreshing native plugins compatible for Editor in 19.78 ms, found 0 plugins.
Preloading 0 native plugins for Editor in 0.00 ms.
Initialize engine version: 2020.2.6f1 (8a2143876886)
[Subsystems] Discovering subsystems at path C:/Program Files/Unity/Hub/Editor/2020.2.6f1/Editor/Data/Resources/UnitySubsystems
[Subsystems] Discovering subsystems at path C:/Users/Diogo/Desktop/Sinless/Sinless/SinlessPrototype/Assets
GfxDevice: creating device client; threaded=0
Direct3D:
    Version:  Direct3D 11.0 [level 11.1]
    Renderer: NVIDIA GeForce RTX 3080 (ID=0x2206)
    Vendor:   
    VRAM:     10077 MB
    Driver:   27.21.14.5671
Initialize mono
Mono path[0] = 'C:/Program Files/Unity/Hub/Editor/2020.2.6f1/Editor/Data/Managed'
Mono path[1] = 'C:/Program Files/Unity/Hub/Editor/2020.2.6f1/Editor/Data/MonoBleedingEdge/lib/mono/unityjit'
Mono config path = 'C:/Program Files/Unity/Hub/Editor/2020.2.6f1/Editor/Data/MonoBleedingEdge/etc'
Using monoOptions --debugger-agent=transport=dt_socket,embedding=1,server=y,suspend=n,address=127.0.0.1:56212
Begin MonoManager ReloadAssembly
Registering precompiled unity dll's ...
Register platform support module: C:/Program Files/Unity/Hub/Editor/2020.2.6f1/Editor/Data/PlaybackEngines/WindowsStandaloneSupport/UnityEditor.WindowsStandalone.Extensions.dll
Registered in 0.001787 seconds.
Native extension for WindowsStandalone target not found
Refreshing native plugins compatible for Editor in 23.95 ms, found 0 plugins.
Preloading 0 native plugins for Editor in 0.00 ms.
Invoked RoslynAnalysisRunner static constructor.
RoslynAnalysisRunner will not be running.
RoslynAnalysisRunner has terminated.
Mono: successfully reloaded assembly
- Completed reload, in  0.941 seconds
Platform modules already initialized, skipping
Registering precompiled user dll's ...
Registered in 0.000665 seconds.
Begin MonoManager ReloadAssembly
Native extension for WindowsStandalone target not found
Refreshing native plugins compatible for Editor in 0.24 ms, found 0 plugins.
Preloading 0 native plugins for Editor in 0.00 ms.
Invoked RoslynAnalysisRunner static constructor.
RoslynAnalysisRunner will not be running.
RoslynAnalysisRunner has terminated.
Mono: successfully reloaded assembly
- Completed reload, in  0.642 seconds
Platform modules already initialized, skipping
========================================================================
Worker process is ready to serve import requests
Launched and connected shader compiler UnityShaderCompiler.exe after 0.04 seconds
Refreshing native plugins compatible for Editor in 0.25 ms, found 0 plugins.
Preloading 0 native plugins for Editor in 0.00 ms.
Unloading 1109 Unused Serialized files (Serialized files now loaded: 0)
System memory in use before: 56.9 MB.
System memory in use after: 57.0 MB.

Unloading 10 unused Assets to reduce memory usage. Loaded Objects now: 1551.
Total: 1.784400 ms (FindLiveObjects: 0.144300 ms CreateObjectMapping: 0.041100 ms MarkObjects: 1.527500 ms  DeleteObjects: 0.070500 ms)

========================================================================
Received Import Request.
  path: Assets/Scenes/Main.unity
  artifactKey: Guid(9fc0d4010bbf28b4594072e72b8655ab) Importer(815301076,1909f56bfc062723c751e8b465ee728b)
Start importing Assets/Scenes/Main.unity using Guid(9fc0d4010bbf28b4594072e72b8655ab) Importer(815301076,1909f56bfc062723c751e8b465ee728b)  -> (artifact id: '44b036cf33f2dedff930205ae5eff830') in 0.014768 seconds
  Import took 0.016485 seconds .

========================================================================
Received Import Request.
  Time since last request: 137698.001005 seconds.
  path: Assets/Scripts/Client.cs
  artifactKey: Guid(a79f400a1ec690e4d8df9cf6bc5ba027) Importer(815301076,1909f56bfc062723c751e8b465ee728b)
Start importing Assets/Scripts/Client.cs using Guid(a79f400a1ec690e4d8df9cf6bc5ba027) Importer(815301076,1909f56bfc062723c751e8b465ee728b)  -> (artifact id: 'fd9b763258330167873b7101c7407b0b') in 0.042572 seconds
  Import took 0.066902 seconds .

========================================================================
Received Prepare
Registering precompiled user dll's ...
Registered in 0.000664 seconds.
Begin MonoManager ReloadAssembly
Native extension for WindowsStandalone target not found
Refreshing native plugins compatible for Editor in 0.24 ms, found 0 plugins.
Preloading 0 native plugins for Editor in 0.00 ms.
Invoked RoslynAnalysisRunner static constructor.
RoslynAnalysisRunner will not be running.
RoslynAnalysisRunner has terminated.
Mono: successfully reloaded assembly
- Completed reload, in  0.670 seconds
Platform modules already initialized, skipping
Refreshing native plugins compatible for Editor in 0.25 ms, found 0 plugins.
Preloading 0 native plugins for Editor in 0.00 ms.
Unloading 1104 Unused Serialized files (Serialized files now loaded: 0)
System memory in use before: 56.9 MB.
System memory in use after: 57.0 MB.

Unloading 5 unused Assets to reduce memory usage. Loaded Objects now: 1553.
Total: 1.930100 ms (FindLiveObjects: 0.165100 ms CreateObjectMapping: 0.049600 ms MarkObjects: 1.641600 ms  DeleteObjects: 0.072800 ms)

========================================================================
Received Import Request.
  Time since last request: 329.622031 seconds.
  path: Assets/Scripts/Client.cs
  artifactKey: Guid(a79f400a1ec690e4d8df9cf6bc5ba027) Importer(815301076,1909f56bfc062723c751e8b465ee728b)
Start importing Assets/Scripts/Client.cs using Guid(a79f400a1ec690e4d8df9cf6bc5ba027) Importer(815301076,1909f56bfc062723c751e8b465ee728b)  -> (artifact id: 'e938be0a80a3f3d9679d81124cf73dca') in 0.008765 seconds
  Import took 0.010535 seconds .

========================================================================
Received Import Request.
  Time since last request: 413.937524 seconds.
  path: Assets/Scripts/GameManager.cs
  artifactKey: Guid(286bc9ab487572c41a9dba7127b4c374) Importer(815301076,1909f56bfc062723c751e8b465ee728b)
Start importing Assets/Scripts/GameManager.cs using Guid(286bc9ab487572c41a9dba7127b4c374) Importer(815301076,1909f56bfc062723c751e8b465ee728b)  -> (artifact id: '92bbe5063fbb9eef70c4b65e605e6696') in 0.008334 seconds
  Import took 0.010505 seconds .

========================================================================
Received Prepare
Registering precompiled user dll's ...
Registered in 0.000646 seconds.
Begin MonoManager ReloadAssembly
Native extension for WindowsStandalone target not found
Refreshing native plugins compatible for Editor in 0.24 ms, found 0 plugins.
Preloading 0 native plugins for Editor in 0.00 ms.
Invoked RoslynAnalysisRunner static constructor.
RoslynAnalysisRunner will not be running.
RoslynAnalysisRunner has terminated.
Mono: successfully reloaded assembly
- Completed reload, in  0.644 seconds
Platform modules already initialized, skipping
Refreshing native plugins compatible for Editor in 0.23 ms, found 0 plugins.
Preloading 0 native plugins for Editor in 0.00 ms.
Unloading 1105 Unused Serialized files (Serialized files now loaded: 0)
System memory in use before: 56.9 MB.
System memory in use after: 57.0 MB.

Unloading 5 unused Assets to reduce memory usage. Loaded Objects now: 1556.
Total: 1.750000 ms (FindLiveObjects: 0.138900 ms CreateObjectMapping: 0.035900 ms MarkObjects: 1.528100 ms  DeleteObjects: 0.046300 ms)

========================================================================
Received Prepare
Registering precompiled user dll's ...
Registered in 0.000688 seconds.
Begin MonoManager ReloadAssembly
Native extension for WindowsStandalone target not found
Refreshing native plugins compatible for Editor in 0.24 ms, found 0 plugins.
Preloading 0 native plugins for Editor in 0.00 ms.
Invoked RoslynAnalysisRunner static constructor.
RoslynAnalysisRunner will not be running.
RoslynAnalysisRunner has terminated.
Mono: successfully reloaded assembly
- Completed reload, in  0.619 seconds
Platform modules already initialized, skipping
Refreshing native plugins compatible for Editor in 0.23 ms, found 0 plugins.
Preloading 0 native plugins for Editor in 0.00 ms.
Unloading 1104 Unused Serialized files (Serialized files now loaded: 0)
System memory in use before: 56.9 MB.
System memory in use after: 57.0 MB.

Unloading 6 unused Assets to reduce memory usage. Loaded Objects now: 1557.
Total: 1.610900 ms (FindLiveObjects: 0.129800 ms CreateObjectMapping: 0.032200 ms MarkObjects: 1.402200 ms  DeleteObjects: 0.046000 ms)

========================================================================
Received Prepare
Registering precompiled user dll's ...
Registered in 0.000585 seconds.
Begin MonoManager ReloadAssembly
Native extension for WindowsStandalone target not found
Refreshing native plugins compatible for Editor in 0.24 ms, found 0 plugins.
Preloading 0 native plugins for Editor in 0.00 ms.
Invoked RoslynAnalysisRunner static constructor.
RoslynAnalysisRunner will not be running.
RoslynAnalysisRunner has terminated.
Mono: successfully reloaded assembly
- Completed reload, in  0.645 seconds
Platform modules already initialized, skipping
Refreshing native plugins compatible for Editor in 0.22 ms, found 0 plugins.
Preloading 0 native plugins for Editor in 0.00 ms.
Unloading 1105 Unused Serialized files (Serialized files now loaded: 0)
System memory in use before: 57.0 MB.
System memory in use after: 57.0 MB.

Unloading 5 unused Assets to reduce memory usage. Loaded Objects now: 1560.
Total: 1.718900 ms (FindLiveObjects: 0.143500 ms CreateObjectMapping: 0.040700 ms MarkObjects: 1.487100 ms  DeleteObjects: 0.046900 ms)

========================================================================
Received Import Request.
  Time since last request: 23.533305 seconds.
  path: Assets/Scripts/PlayerManager.cs
  artifactKey: Guid(61b6bf38bd156994eaaa33b3e6923c8f) Importer(815301076,1909f56bfc062723c751e8b465ee728b)
Start importing Assets/Scripts/PlayerManager.cs using Guid(61b6bf38bd156994eaaa33b3e6923c8f) Importer(815301076,1909f56bfc062723c751e8b465ee728b)  -> (artifact id: '6dc8db8a61cb306a760505e415816a64') in 0.009499 seconds
  Import took 0.011493 seconds .

========================================================================
Received Prepare
Registering precompiled user dll's ...
Registered in 0.000652 seconds.
Begin MonoManager ReloadAssembly
Native extension for WindowsStandalone target not found
Refreshing native plugins compatible for Editor in 0.24 ms, found 0 plugins.
Preloading 0 native plugins for Editor in 0.00 ms.
Invoked RoslynAnalysisRunner static constructor.
RoslynAnalysisRunner will not be running.
RoslynAnalysisRunner has terminated.
Mono: successfully reloaded assembly
- Completed reload, in  0.635 seconds
Platform modules already initialized, skipping
Refreshing native plugins compatible for Editor in 0.25 ms, found 0 plugins.
Preloading 0 native plugins for Editor in 0.00 ms.
Unloading 1106 Unused Serialized files (Serialized files now loaded: 0)
System memory in use before: 57.0 MB.
System memory in use after: 57.1 MB.

Unloading 5 unused Assets to reduce memory usage. Loaded Objects now: 1563.
Total: 1.940200 ms (FindLiveObjects: 0.144400 ms CreateObjectMapping: 0.031900 ms MarkObjects: 1.708300 ms  DeleteObjects: 0.054700 ms)

========================================================================
Received Import Request.
  Time since last request: 12.041276 seconds.
  path: Assets/Scripts/PlayerController.cs
  artifactKey: Guid(fb070ddedf6be46489d3214eae7482c9) Importer(815301076,1909f56bfc062723c751e8b465ee728b)
Start importing Assets/Scripts/PlayerController.cs using Guid(fb070ddedf6be46489d3214eae7482c9) Importer(815301076,1909f56bfc062723c751e8b465ee728b)  -> (artifact id: '2721868662b0f270f538b17c56b0bf1a') in 0.010016 seconds
  Import took 0.011945 seconds .

========================================================================
Received Prepare
Registering precompiled user dll's ...
Registered in 0.000745 seconds.
Begin MonoManager ReloadAssembly
Native extension for WindowsStandalone target not found
Refreshing native plugins compatible for Editor in 0.25 ms, found 0 plugins.
Preloading 0 native plugins for Editor in 0.00 ms.
Invoked RoslynAnalysisRunner static constructor.
RoslynAnalysisRunner will not be running.
RoslynAnalysisRunner has terminated.
Mono: successfully reloaded assembly
- Completed reload, in  0.682 seconds
Platform modules already initialized, skipping
Refreshing native plugins compatible for Editor in 0.24 ms, found 0 plugins.
Preloading 0 native plugins for Editor in 0.00 ms.
Unloading 1107 Unused Serialized files (Serialized files now loaded: 0)
System memory in use before: 57.0 MB.
System memory in use after: 57.1 MB.

Unloading 5 unused Assets to reduce memory usage. Loaded Objects now: 1566.
Total: 1.905900 ms (FindLiveObjects: 0.271700 ms CreateObjectMapping: 0.065500 ms MarkObjects: 1.513100 ms  DeleteObjects: 0.054900 ms)

========================================================================
Received Import Request.
  Time since last request: 10.796452 seconds.
  path: Assets/Scripts/CameraController.cs
  artifactKey: Guid(0aa3cf9bc1c11e34b8247c2f87f591db) Importer(815301076,1909f56bfc062723c751e8b465ee728b)
Start importing Assets/Scripts/CameraController.cs using Guid(0aa3cf9bc1c11e34b8247c2f87f591db) Importer(815301076,1909f56bfc062723c751e8b465ee728b)  -> (artifact id: '2c70b552136c1d4c6a3749ea2a3f6782') in 0.010040 seconds
  Import took 0.012145 seconds .

========================================================================
Received Prepare
Registering precompiled user dll's ...
Registered in 0.000681 seconds.
Begin MonoManager ReloadAssembly
Native extension for WindowsStandalone target not found
Refreshing native plugins compatible for Editor in 0.27 ms, found 0 plugins.
Preloading 0 native plugins for Editor in 0.00 ms.
Invoked RoslynAnalysisRunner static constructor.
RoslynAnalysisRunner will not be running.
RoslynAnalysisRunner has terminated.
Mono: successfully reloaded assembly
- Completed reload, in  0.634 seconds
Platform modules already initialized, skipping
Refreshing native plugins compatible for Editor in 0.23 ms, found 0 plugins.
Preloading 0 native plugins for Editor in 0.00 ms.
Unloading 1108 Unused Serialized files (Serialized files now loaded: 0)
System memory in use before: 57.0 MB.
System memory in use after: 57.1 MB.

Unloading 5 unused Assets to reduce memory usage. Loaded Objects now: 1569.
Total: 1.911400 ms (FindLiveObjects: 0.149300 ms CreateObjectMapping: 0.038500 ms MarkObjects: 1.658500 ms  DeleteObjects: 0.063800 ms)

========================================================================
Received Prepare
Registering precompiled user dll's ...
Registered in 0.000688 seconds.
Begin MonoManager ReloadAssembly
Native extension for WindowsStandalone target not found
Refreshing native plugins compatible for Editor in 0.25 ms, found 0 plugins.
Preloading 0 native plugins for Editor in 0.00 ms.
Invoked RoslynAnalysisRunner static constructor.
RoslynAnalysisRunner will not be running.
RoslynAnalysisRunner has terminated.
Mono: successfully reloaded assembly
- Completed reload, in  0.619 seconds
Platform modules already initialized, skipping
Refreshing native plugins compatible for Editor in 0.23 ms, found 0 plugins.
Preloading 0 native plugins for Editor in 0.00 ms.
Unloading 1108 Unused Serialized files (Serialized files now loaded: 0)
System memory in use before: 57.0 MB.
System memory in use after: 57.1 MB.

Unloading 5 unused Assets to reduce memory usage. Loaded Objects now: 1571.
Total: 2.045500 ms (FindLiveObjects: 0.149000 ms CreateObjectMapping: 0.030600 ms MarkObjects: 1.804100 ms  DeleteObjects: 0.060500 ms)

========================================================================
Received Import Request.
  Time since last request: 66.512786 seconds.
  path: Assets/Prefabs
  artifactKey: Guid(9527d03cf1a01ef44b593b0c68e34672) Importer(815301076,1909f56bfc062723c751e8b465ee728b)
Start importing Assets/Prefabs using Guid(9527d03cf1a01ef44b593b0c68e34672) Importer(815301076,1909f56bfc062723c751e8b465ee728b)  -> (artifact id: 'ee3c5064ddf1c188ecbbbc02fb7c5e2f') in 0.011065 seconds
  Import took 0.013472 seconds .

========================================================================
Received Import Request.
  Time since last request: 4.526038 seconds.
  path: Assets/Materials 1
  artifactKey: Guid(c92647e83adc1214093b71a773cb7bbb) Importer(815301076,1909f56bfc062723c751e8b465ee728b)
Start importing Assets/Materials 1 using Guid(c92647e83adc1214093b71a773cb7bbb) Importer(815301076,1909f56bfc062723c751e8b465ee728b)  -> (artifact id: '986ca6b1ad2e4765a7cb1c352d2219ed') in 0.011146 seconds
  Import took 0.013994 seconds .

========================================================================
Received Import Request.
  Time since last request: 20.083593 seconds.
  path: Assets/Prefabs/Player.prefab
  artifactKey: Guid(7a69da7c36d58e8459c02994f769afab) Importer(815301076,1909f56bfc062723c751e8b465ee728b)
Start importing Assets/Prefabs/Player.prefab using Guid(7a69da7c36d58e8459c02994f769afab) Importer(815301076,1909f56bfc062723c751e8b465ee728b)  -> (artifact id: '8eae45e8ef9849102301f3736d5c7bc0') in 0.030547 seconds
  Import took 0.032789 seconds .

========================================================================
Received Import Request.
  Time since last request: 5.473499 seconds.
  path: Assets/Prefabs/Player
  artifactKey: Guid(559bb3b41267cfc4c96d26c2666a9fcc) Importer(815301076,1909f56bfc062723c751e8b465ee728b)
Start importing Assets/Prefabs/Player using Guid(559bb3b41267cfc4c96d26c2666a9fcc) Importer(815301076,1909f56bfc062723c751e8b465ee728b)  -> (artifact id: '8cc63859fd2965cd67fd0dfdad90cd7c') in 0.005554 seconds
  Import took 0.010181 seconds .

========================================================================
Received Import Request.
  Time since last request: 34.286274 seconds.
  path: Assets/Materials/Player
  artifactKey: Guid(ed6a543d6fcb47740844d7d2b444d9af) Importer(815301076,1909f56bfc062723c751e8b465ee728b)
Start importing Assets/Materials/Player using Guid(ed6a543d6fcb47740844d7d2b444d9af) Importer(815301076,1909f56bfc062723c751e8b465ee728b)  -> (artifact id: '561dfaba98c39e2cf4ecdd0a73a1aacd') in 0.011292 seconds
  Import took 0.016629 seconds .

========================================================================
Received Import Request.
  Time since last request: 8.309891 seconds.
  path: Assets/Materials/Player/Player.mat
  artifactKey: Guid(e707cb8c0efa30249a8d3e07b41cf6e0) Importer(815301076,1909f56bfc062723c751e8b465ee728b)
Start importing Assets/Materials/Player/Player.mat using Guid(e707cb8c0efa30249a8d3e07b41cf6e0) Importer(815301076,1909f56bfc062723c751e8b465ee728b)  -> (artifact id: '974a16c3ed0c707b316a5f1dedebd509') in 0.085602 seconds
  Import took 0.087944 seconds .

========================================================================
Received Import Request.
  Time since last request: 16.583956 seconds.
  path: Assets/Materials/Player/LocalPlayer.mat
  artifactKey: Guid(d18d42a814f42da4fa1e99c965942249) Importer(815301076,1909f56bfc062723c751e8b465ee728b)
Start importing Assets/Materials/Player/LocalPlayer.mat using Guid(d18d42a814f42da4fa1e99c965942249) Importer(815301076,1909f56bfc062723c751e8b465ee728b)  -> (artifact id: '5c8cbc2f0f51a0031a6e7cd966eff1e4') in 0.016708 seconds
  Import took 0.019324 seconds .

========================================================================
Received Import Request.
  Time since last request: 126.713934 seconds.
  path: Assets/Prefabs/Player/Player.prefab
  artifactKey: Guid(7a69da7c36d58e8459c02994f769afab) Importer(815301076,1909f56bfc062723c751e8b465ee728b)
Start importing Assets/Prefabs/Player/Player.prefab using Guid(7a69da7c36d58e8459c02994f769afab) Importer(815301076,1909f56bfc062723c751e8b465ee728b)  -> (artifact id: '93680973f22cd6d8d4f418756aee6b80') in 0.023774 seconds
  Import took 0.026645 seconds .

========================================================================
Received Import Request.
  Time since last request: 23.916736 seconds.
  path: Assets/Prefabs/Player/Player 1.prefab
  artifactKey: Guid(5a45ad7e044dd704d822c34d6d454445) Importer(815301076,1909f56bfc062723c751e8b465ee728b)
Start importing Assets/Prefabs/Player/Player 1.prefab using Guid(5a45ad7e044dd704d822c34d6d454445) Importer(815301076,1909f56bfc062723c751e8b465ee728b)  -> (artifact id: 'b42e88172eadd7e9e3007e2442e9730c') in 0.025817 seconds
  Import took 0.028074 seconds .

========================================================================
Received Import Request.
  Time since last request: 6.412528 seconds.
  path: Assets/Prefabs/Player/LocalPlayer.prefab
  artifactKey: Guid(5a45ad7e044dd704d822c34d6d454445) Importer(815301076,1909f56bfc062723c751e8b465ee728b)
Start importing Assets/Prefabs/Player/LocalPlayer.prefab using Guid(5a45ad7e044dd704d822c34d6d454445) Importer(815301076,1909f56bfc062723c751e8b465ee728b)  -> (artifact id: 'adb597ca74cb8064f739cc71609a911d') in 0.011704 seconds
  Import took 0.014505 seconds .

========================================================================
Received Import Request.
  Time since last request: 58.570949 seconds.
  path: Assets/Materials/Player/LocalPlayer.mat
  artifactKey: Guid(d18d42a814f42da4fa1e99c965942249) Importer(815301076,1909f56bfc062723c751e8b465ee728b)
Start importing Assets/Materials/Player/LocalPlayer.mat using Guid(d18d42a814f42da4fa1e99c965942249) Importer(815301076,1909f56bfc062723c751e8b465ee728b)  -> (artifact id: '24a7f83c0bda8dc1163d991e9d5a81bd') in 0.017892 seconds
  Import took 0.019911 seconds .

========================================================================
Received Import Request.
  Time since last request: 0.000151 seconds.
  path: Assets/Materials/Player/Player.mat
  artifactKey: Guid(e707cb8c0efa30249a8d3e07b41cf6e0) Importer(815301076,1909f56bfc062723c751e8b465ee728b)
Start importing Assets/Materials/Player/Player.mat using Guid(e707cb8c0efa30249a8d3e07b41cf6e0) Importer(815301076,1909f56bfc062723c751e8b465ee728b)  -> (artifact id: 'a445256d57a04731907f1d3cc62fab47') in 0.016988 seconds
  Import took 0.018837 seconds .

========================================================================
Received Import Request.
  Time since last request: 2.165397 seconds.
  path: Assets/Prefabs/Player/LocalPlayer.prefab
  artifactKey: Guid(5a45ad7e044dd704d822c34d6d454445) Importer(815301076,1909f56bfc062723c751e8b465ee728b)
Start importing Assets/Prefabs/Player/LocalPlayer.prefab using Guid(5a45ad7e044dd704d822c34d6d454445) Importer(815301076,1909f56bfc062723c751e8b465ee728b)  -> (artifact id: '6e3e99809daec21cacd5d9e557b8f1cf') in 0.014074 seconds
  Import took 0.016106 seconds .

========================================================================
Received Import Request.
  Time since last request: 139.590252 seconds.
  path: Assets/Prefabs/Player/LocalPlayer.prefab
  artifactKey: Guid(5a45ad7e044dd704d822c34d6d454445) Importer(815301076,1909f56bfc062723c751e8b465ee728b)
Start importing Assets/Prefabs/Player/LocalPlayer.prefab using Guid(5a45ad7e044dd704d822c34d6d454445) Importer(815301076,1909f56bfc062723c751e8b465ee728b)  -> (artifact id: '9998b0014872bd5f539ba0ac2cd08019') in 0.011111 seconds
  Import took 0.013136 seconds .

========================================================================
Received Prepare
Registering precompiled user dll's ...
Registered in 0.000682 seconds.
Begin MonoManager ReloadAssembly
Native extension for WindowsStandalone target not found
Refreshing native plugins compatible for Editor in 0.24 ms, found 0 plugins.
Preloading 0 native plugins for Editor in 0.00 ms.
Invoked RoslynAnalysisRunner static constructor.
RoslynAnalysisRunner will not be running.
RoslynAnalysisRunner has terminated.
Mono: successfully reloaded assembly
- Completed reload, in  0.646 seconds
Platform modules already initialized, skipping
Refreshing native plugins compatible for Editor in 0.23 ms, found 0 plugins.
Preloading 0 native plugins for Editor in 0.00 ms.
Unloading 1108 Unused Serialized files (Serialized files now loaded: 0)
System memory in use before: 60.4 MB.
System memory in use after: 60.5 MB.

Unloading 5 unused Assets to reduce memory usage. Loaded Objects now: 1614.
Total: 1.738100 ms (FindLiveObjects: 0.139100 ms CreateObjectMapping: 0.032200 ms MarkObjects: 1.516400 ms  DeleteObjects: 0.049300 ms)

========================================================================
Received Prepare
Refreshing native plugins compatible for Editor in 0.79 ms, found 0 plugins.
Preloading 0 native plugins for Editor in 0.00 ms.
Unloading 3 Unused Serialized files (Serialized files now loaded: 0)
System memory in use before: 38.5 MB.
System memory in use after: 38.6 MB.

Unloading 3 unused Assets to reduce memory usage. Loaded Objects now: 1614.
Total: 2.161300 ms (FindLiveObjects: 0.157000 ms CreateObjectMapping: 0.036600 ms MarkObjects: 1.914700 ms  DeleteObjects: 0.052300 ms)

========================================================================
Received Prepare
Registering precompiled user dll's ...
Registered in 0.000769 seconds.
Begin MonoManager ReloadAssembly
Native extension for WindowsStandalone target not found
Refreshing native plugins compatible for Editor in 0.26 ms, found 0 plugins.
Preloading 0 native plugins for Editor in 0.00 ms.
Invoked RoslynAnalysisRunner static constructor.
RoslynAnalysisRunner will not be running.
RoslynAnalysisRunner has terminated.
Mono: successfully reloaded assembly
- Completed reload, in  0.646 seconds
Platform modules already initialized, skipping
Refreshing native plugins compatible for Editor in 0.24 ms, found 0 plugins.
Preloading 0 native plugins for Editor in 0.00 ms.
Unloading 1108 Unused Serialized files (Serialized files now loaded: 0)
System memory in use before: 60.5 MB.
System memory in use after: 60.5 MB.

Unloading 5 unused Assets to reduce memory usage. Loaded Objects now: 1616.
Total: 1.878800 ms (FindLiveObjects: 0.248600 ms CreateObjectMapping: 0.060400 ms MarkObjects: 1.521300 ms  DeleteObjects: 0.047700 ms)

========================================================================
Received Prepare
Registering precompiled user dll's ...
Registered in 0.000730 seconds.
Begin MonoManager ReloadAssembly
Native extension for WindowsStandalone target not found
Refreshing native plugins compatible for Editor in 0.24 ms, found 0 plugins.
Preloading 0 native plugins for Editor in 0.00 ms.
Invoked RoslynAnalysisRunner static constructor.
RoslynAnalysisRunner will not be running.
RoslynAnalysisRunner has terminated.
Mono: successfully reloaded assembly
- Completed reload, in  0.673 seconds
Platform modules already initialized, skipping
Refreshing native plugins compatible for Editor in 0.30 ms, found 0 plugins.
Preloading 0 native plugins for Editor in 0.00 ms.
Unloading 1108 Unused Serialized files (Serialized files now loaded: 0)
System memory in use before: 60.5 MB.
System memory in use after: 60.5 MB.

Unloading 5 unused Assets to reduce memory usage. Loaded Objects now: 1618.
Total: 1.925400 ms (FindLiveObjects: 0.150100 ms CreateObjectMapping: 0.031700 ms MarkObjects: 1.666400 ms  DeleteObjects: 0.075800 ms)

========================================================================
Received Prepare
Registering precompiled user dll's ...
Registered in 0.000661 seconds.
Begin MonoManager ReloadAssembly
Native extension for WindowsStandalone target not found
Refreshing native plugins compatible for Editor in 0.24 ms, found 0 plugins.
Preloading 0 native plugins for Editor in 0.00 ms.
Invoked RoslynAnalysisRunner static constructor.
RoslynAnalysisRunner will not be running.
RoslynAnalysisRunner has terminated.
Mono: successfully reloaded assembly
- Completed reload, in  0.662 seconds
Platform modules already initialized, skipping
Refreshing native plugins compatible for Editor in 0.26 ms, found 0 plugins.
Preloading 0 native plugins for Editor in 0.00 ms.
Unloading 1108 Unused Serialized files (Serialized files now loaded: 0)
System memory in use before: 60.5 MB.
System memory in use after: 60.5 MB.

Unloading 5 unused Assets to reduce memory usage. Loaded Objects now: 1620.
Total: 1.763300 ms (FindLiveObjects: 0.149000 ms CreateObjectMapping: 0.029500 ms MarkObjects: 1.536600 ms  DeleteObjects: 0.047300 ms)

========================================================================
Received Prepare
Registering precompiled user dll's ...
Registered in 0.000640 seconds.
Begin MonoManager ReloadAssembly
Native extension for WindowsStandalone target not found
Refreshing native plugins compatible for Editor in 0.24 ms, found 0 plugins.
Preloading 0 native plugins for Editor in 0.00 ms.
Invoked RoslynAnalysisRunner static constructor.
RoslynAnalysisRunner will not be running.
RoslynAnalysisRunner has terminated.
Mono: successfully reloaded assembly
- Completed reload, in  0.628 seconds
Platform modules already initialized, skipping
Refreshing native plugins compatible for Editor in 0.23 ms, found 0 plugins.
Preloading 0 native plugins for Editor in 0.00 ms.
Unloading 1108 Unused Serialized files (Serialized files now loaded: 0)
System memory in use before: 60.5 MB.
System memory in use after: 60.6 MB.

Unloading 5 unused Assets to reduce memory usage. Loaded Objects now: 1622.
Total: 2.122100 ms (FindLiveObjects: 0.156700 ms CreateObjectMapping: 0.037700 ms MarkObjects: 1.874900 ms  DeleteObjects: 0.051900 ms)

========================================================================
Received Prepare
Registering precompiled user dll's ...
Registered in 0.000610 seconds.
Begin MonoManager ReloadAssembly
Native extension for WindowsStandalone target not found
Refreshing native plugins compatible for Editor in 0.26 ms, found 0 plugins.
Preloading 0 native plugins for Editor in 0.00 ms.
Invoked RoslynAnalysisRunner static constructor.
RoslynAnalysisRunner will not be running.
RoslynAnalysisRunner has terminated.
Mono: successfully reloaded assembly
- Completed reload, in  0.642 seconds
Platform modules already initialized, skipping
Refreshing native plugins compatible for Editor in 0.25 ms, found 0 plugins.
Preloading 0 native plugins for Editor in 0.00 ms.
Unloading 1108 Unused Serialized files (Serialized files now loaded: 0)
System memory in use before: 60.5 MB.
System memory in use after: 60.6 MB.

Unloading 5 unused Assets to reduce memory usage. Loaded Objects now: 1624.
Total: 1.696400 ms (FindLiveObjects: 0.152600 ms CreateObjectMapping: 0.039600 ms MarkObjects: 1.452500 ms  DeleteObjects: 0.050800 ms)

========================================================================
Received Prepare
Registering precompiled user dll's ...
Registered in 0.000689 seconds.
Begin MonoManager ReloadAssembly
Native extension for WindowsStandalone target not found
Refreshing native plugins compatible for Editor in 0.30 ms, found 0 plugins.
Preloading 0 native plugins for Editor in 0.00 ms.
Invoked RoslynAnalysisRunner static constructor.
RoslynAnalysisRunner will not be running.
RoslynAnalysisRunner has terminated.
Mono: successfully reloaded assembly
- Completed reload, in  0.679 seconds
Platform modules already initialized, skipping
Refreshing native plugins compatible for Editor in 0.25 ms, found 0 plugins.
Preloading 0 native plugins for Editor in 0.00 ms.
Unloading 1108 Unused Serialized files (Serialized files now loaded: 0)
System memory in use before: 60.5 MB.
System memory in use after: 60.6 MB.

Unloading 5 unused Assets to reduce memory usage. Loaded Objects now: 1626.
Total: 1.833100 ms (FindLiveObjects: 0.249700 ms CreateObjectMapping: 0.034800 ms MarkObjects: 1.493600 ms  DeleteObjects: 0.054300 ms)

========================================================================
Received Prepare
Registering precompiled user dll's ...
Registered in 0.001110 seconds.
Begin MonoManager ReloadAssembly
Native extension for WindowsStandalone target not found
Refreshing native plugins compatible for Editor in 0.25 ms, found 0 plugins.
Preloading 0 native plugins for Editor in 0.00 ms.
Invoked RoslynAnalysisRunner static constructor.
RoslynAnalysisRunner will not be running.
RoslynAnalysisRunner has terminated.
Mono: successfully reloaded assembly
- Completed reload, in  0.672 seconds
Platform modules already initialized, skipping
Refreshing native plugins compatible for Editor in 0.26 ms, found 0 plugins.
Preloading 0 native plugins for Editor in 0.00 ms.
Unloading 1108 Unused Serialized files (Serialized files now loaded: 0)
System memory in use before: 60.5 MB.
System memory in use after: 60.6 MB.

Unloading 5 unused Assets to reduce memory usage. Loaded Objects now: 1628.
Total: 2.376800 ms (FindLiveObjects: 0.200000 ms CreateObjectMapping: 0.038200 ms MarkObjects: 2.064300 ms  DeleteObjects: 0.073100 ms)

========================================================================
Received Prepare
Registering precompiled user dll's ...
Registered in 0.000753 seconds.
Begin MonoManager ReloadAssembly
Native extension for WindowsStandalone target not found
Refreshing native plugins compatible for Editor in 0.24 ms, found 0 plugins.
Preloading 0 native plugins for Editor in 0.00 ms.
Invoked RoslynAnalysisRunner static constructor.
RoslynAnalysisRunner will not be running.
RoslynAnalysisRunner has terminated.
Mono: successfully reloaded assembly
- Completed reload, in  0.665 seconds
Platform modules already initialized, skipping
Refreshing native plugins compatible for Editor in 0.31 ms, found 0 plugins.
Preloading 0 native plugins for Editor in 0.00 ms.
Unloading 1108 Unused Serialized files (Serialized files now loaded: 0)
System memory in use before: 60.5 MB.
System memory in use after: 60.6 MB.

Unloading 5 unused Assets to reduce memory usage. Loaded Objects now: 1630.
Total: 2.607400 ms (FindLiveObjects: 0.161200 ms CreateObjectMapping: 0.031900 ms MarkObjects: 2.352700 ms  DeleteObjects: 0.060400 ms)

========================================================================
Received Prepare
Registering precompiled user dll's ...
Registered in 0.000722 seconds.
Begin MonoManager ReloadAssembly
Native extension for WindowsStandalone target not found
Refreshing native plugins compatible for Editor in 0.24 ms, found 0 plugins.
Preloading 0 native plugins for Editor in 0.00 ms.
Invoked RoslynAnalysisRunner static constructor.
RoslynAnalysisRunner will not be running.
RoslynAnalysisRunner has terminated.
Mono: successfully reloaded assembly
- Completed reload, in  0.610 seconds
Platform modules already initialized, skipping
Refreshing native plugins compatible for Editor in 0.31 ms, found 0 plugins.
Preloading 0 native plugins for Editor in 0.00 ms.
Unloading 1108 Unused Serialized files (Serialized files now loaded: 0)
System memory in use before: 60.5 MB.
System memory in use after: 60.6 MB.

Unloading 5 unused Assets to reduce memory usage. Loaded Objects now: 1632.
Total: 1.851500 ms (FindLiveObjects: 0.162900 ms CreateObjectMapping: 0.042600 ms MarkObjects: 1.585900 ms  DeleteObjects: 0.059300 ms)

========================================================================
Received Prepare
Registering precompiled user dll's ...
Registered in 0.000634 seconds.
Begin MonoManager ReloadAssembly
Native extension for WindowsStandalone target not found
Refreshing native plugins compatible for Editor in 0.24 ms, found 0 plugins.
Preloading 0 native plugins for Editor in 0.00 ms.
Invoked RoslynAnalysisRunner static constructor.
RoslynAnalysisRunner will not be running.
RoslynAnalysisRunner has terminated.
Mono: successfully reloaded assembly
- Completed reload, in  0.638 seconds
Platform modules already initialized, skipping
Refreshing native plugins compatible for Editor in 0.32 ms, found 0 plugins.
Preloading 0 native plugins for Editor in 0.00 ms.
Unloading 1108 Unused Serialized files (Serialized files now loaded: 0)
System memory in use before: 60.5 MB.
System memory in use after: 60.6 MB.

Unloading 5 unused Assets to reduce memory usage. Loaded Objects now: 1634.
Total: 1.858600 ms (FindLiveObjects: 0.161000 ms CreateObjectMapping: 0.041100 ms MarkObjects: 1.574700 ms  DeleteObjects: 0.080600 ms)

========================================================================
Received Prepare
Registering precompiled user dll's ...
Registered in 0.000648 seconds.
Begin MonoManager ReloadAssembly
Native extension for WindowsStandalone target not found
Refreshing native plugins compatible for Editor in 0.27 ms, found 0 plugins.
Preloading 0 native plugins for Editor in 0.00 ms.
Invoked RoslynAnalysisRunner static constructor.
RoslynAnalysisRunner will not be running.
RoslynAnalysisRunner has terminated.
Mono: successfully reloaded assembly
- Completed reload, in  0.662 seconds
Platform modules already initialized, skipping
Refreshing native plugins compatible for Editor in 0.27 ms, found 0 plugins.
Preloading 0 native plugins for Editor in 0.00 ms.
Unloading 1108 Unused Serialized files (Serialized files now loaded: 0)
System memory in use before: 60.5 MB.
System memory in use after: 60.6 MB.

Unloading 5 unused Assets to reduce memory usage. Loaded Objects now: 1636.
Total: 2.187800 ms (FindLiveObjects: 0.260600 ms CreateObjectMapping: 0.079700 ms MarkObjects: 1.795400 ms  DeleteObjects: 0.051100 ms)

========================================================================
Received Prepare
Registering precompiled user dll's ...
Registered in 0.000916 seconds.
Begin MonoManager ReloadAssembly
Native extension for WindowsStandalone target not found
Refreshing native plugins compatible for Editor in 0.24 ms, found 0 plugins.
Preloading 0 native plugins for Editor in 0.00 ms.
Invoked RoslynAnalysisRunner static constructor.
RoslynAnalysisRunner will not be running.
RoslynAnalysisRunner has terminated.
Mono: successfully reloaded assembly
- Completed reload, in  0.650 seconds
Platform modules already initialized, skipping
Refreshing native plugins compatible for Editor in 0.24 ms, found 0 plugins.
Preloading 0 native plugins for Editor in 0.00 ms.
Unloading 1108 Unused Serialized files (Serialized files now loaded: 0)
System memory in use before: 60.5 MB.
System memory in use after: 60.6 MB.

Unloading 5 unused Assets to reduce memory usage. Loaded Objects now: 1638.
Total: 2.141300 ms (FindLiveObjects: 0.166400 ms CreateObjectMapping: 0.040500 ms MarkObjects: 1.871900 ms  DeleteObjects: 0.061100 ms)

========================================================================
Received Import Request.
  Time since last request: 1727.903718 seconds.
  path: Assets/Scripts/GameManager.cs
  artifactKey: Guid(286bc9ab487572c41a9dba7127b4c374) Importer(815301076,1909f56bfc062723c751e8b465ee728b)
Start importing Assets/Scripts/GameManager.cs using Guid(286bc9ab487572c41a9dba7127b4c374) Importer(815301076,1909f56bfc062723c751e8b465ee728b)  -> (artifact id: '2ebc2f32374f11d34e4b694484416fb5') in 0.009182 seconds
  Import took 0.011306 seconds .

========================================================================
Received Import Request.
  Time since last request: 67.019222 seconds.
  path: Assets/Prefabs/Player/LocalPlayer.prefab
  artifactKey: Guid(5a45ad7e044dd704d822c34d6d454445) Importer(815301076,1909f56bfc062723c751e8b465ee728b)
Start importing Assets/Prefabs/Player/LocalPlayer.prefab using Guid(5a45ad7e044dd704d822c34d6d454445) Importer(815301076,1909f56bfc062723c751e8b465ee728b)  -> (artifact id: 'bc6150ed36dc31b71fea5405380b9e64') in 0.051666 seconds
  Import took 0.053974 seconds .

========================================================================
Received Import Request.
  Time since last request: 139.087438 seconds.
  path: Assets/Scripts/CameraController.cs
  artifactKey: Guid(0aa3cf9bc1c11e34b8247c2f87f591db) Importer(815301076,1909f56bfc062723c751e8b465ee728b)
Start importing Assets/Scripts/CameraController.cs using Guid(0aa3cf9bc1c11e34b8247c2f87f591db) Importer(815301076,1909f56bfc062723c751e8b465ee728b)  -> (artifact id: '786568260f78dbe54337cccaf1d520ce') in 0.007391 seconds
  Import took 0.009605 seconds .

========================================================================
Received Import Request.
  Time since last request: 0.001282 seconds.
  path: Assets/Scripts/CameraController.cs
  artifactKey: Guid(0aa3cf9bc1c11e34b8247c2f87f591db) Importer(815301076,1909f56bfc062723c751e8b465ee728b)
Start importing Assets/Scripts/CameraController.cs using Guid(0aa3cf9bc1c11e34b8247c2f87f591db) Importer(815301076,1909f56bfc062723c751e8b465ee728b)  -> (artifact id: '786568260f78dbe54337cccaf1d520ce') in 0.002962 seconds
  Import took 0.004612 seconds .

========================================================================
Received Import Request.
  Time since last request: 84.155265 seconds.
  path: Assets/Scripts/PlayerManager.cs
  artifactKey: Guid(61b6bf38bd156994eaaa33b3e6923c8f) Importer(815301076,1909f56bfc062723c751e8b465ee728b)
Start importing Assets/Scripts/PlayerManager.cs using Guid(61b6bf38bd156994eaaa33b3e6923c8f) Importer(815301076,1909f56bfc062723c751e8b465ee728b)  -> (artifact id: '4f55b6dfebec6eb44f3ea723c52fa7df') in 0.007204 seconds
  Import took 0.009570 seconds .

========================================================================
Received Import Request.
  Time since last request: 0.000389 seconds.
  path: Assets/Scripts/PlayerManager.cs
  artifactKey: Guid(61b6bf38bd156994eaaa33b3e6923c8f) Importer(815301076,1909f56bfc062723c751e8b465ee728b)
Start importing Assets/Scripts/PlayerManager.cs using Guid(61b6bf38bd156994eaaa33b3e6923c8f) Importer(815301076,1909f56bfc062723c751e8b465ee728b)  -> (artifact id: '4f55b6dfebec6eb44f3ea723c52fa7df') in 0.002742 seconds
  Import took 0.004358 seconds .

========================================================================
Received Prepare
Registering precompiled user dll's ...
Registered in 0.000841 seconds.
Begin MonoManager ReloadAssembly
Native extension for WindowsStandalone target not found
Refreshing native plugins compatible for Editor in 0.24 ms, found 0 plugins.
Preloading 0 native plugins for Editor in 0.00 ms.
Invoked RoslynAnalysisRunner static constructor.
RoslynAnalysisRunner will not be running.
RoslynAnalysisRunner has terminated.
Mono: successfully reloaded assembly
- Completed reload, in  0.614 seconds
Platform modules already initialized, skipping
Refreshing native plugins compatible for Editor in 0.25 ms, found 0 plugins.
Preloading 0 native plugins for Editor in 0.00 ms.
Unloading 1108 Unused Serialized files (Serialized files now loaded: 0)
System memory in use before: 60.5 MB.
System memory in use after: 60.6 MB.

Unloading 5 unused Assets to reduce memory usage. Loaded Objects now: 1641.
Total: 1.663300 ms (FindLiveObjects: 0.148400 ms CreateObjectMapping: 0.034800 ms MarkObjects: 1.431500 ms  DeleteObjects: 0.047900 ms)

========================================================================
Received Prepare
Registering precompiled user dll's ...
Registered in 0.000600 seconds.
Begin MonoManager ReloadAssembly
Native extension for WindowsStandalone target not found
Refreshing native plugins compatible for Editor in 0.24 ms, found 0 plugins.
Preloading 0 native plugins for Editor in 0.00 ms.
Invoked RoslynAnalysisRunner static constructor.
RoslynAnalysisRunner will not be running.
RoslynAnalysisRunner has terminated.
Mono: successfully reloaded assembly
- Completed reload, in  0.629 seconds
Platform modules already initialized, skipping
Refreshing native plugins compatible for Editor in 0.24 ms, found 0 plugins.
Preloading 0 native plugins for Editor in 0.00 ms.
Unloading 1108 Unused Serialized files (Serialized files now loaded: 0)
System memory in use before: 60.5 MB.
System memory in use after: 60.6 MB.

Unloading 5 unused Assets to reduce memory usage. Loaded Objects now: 1643.
Total: 1.810200 ms (FindLiveObjects: 0.176000 ms CreateObjectMapping: 0.051000 ms MarkObjects: 1.528600 ms  DeleteObjects: 0.053600 ms)

========================================================================
Received Prepare
Registering precompiled user dll's ...
Registered in 0.000647 seconds.
Begin MonoManager ReloadAssembly
Native extension for WindowsStandalone target not found
Refreshing native plugins compatible for Editor in 0.24 ms, found 0 plugins.
Preloading 0 native plugins for Editor in 0.00 ms.
Invoked RoslynAnalysisRunner static constructor.
RoslynAnalysisRunner will not be running.
RoslynAnalysisRunner has terminated.
Mono: successfully reloaded assembly
- Completed reload, in  0.664 seconds
Platform modules already initialized, skipping
Refreshing native plugins compatible for Editor in 0.25 ms, found 0 plugins.
Preloading 0 native plugins for Editor in 0.00 ms.
Unloading 1108 Unused Serialized files (Serialized files now loaded: 0)
System memory in use before: 60.6 MB.
System memory in use after: 60.7 MB.

Unloading 5 unused Assets to reduce memory usage. Loaded Objects now: 1645.
Total: 2.356300 ms (FindLiveObjects: 0.179100 ms CreateObjectMapping: 0.041300 ms MarkObjects: 2.068700 ms  DeleteObjects: 0.066100 ms)

AssetImportWorkerClient::OnTransportError - code=2 error=End of file
