Using pre-set license
Built from '2020.2/staging' branch; Version is '2020.2.6f1 (8a2143876886) revision 9052483'; Using compiler version '192528614'; Build Type 'Release'
OS: 'Windows 10 Home; OS build 19042.985; Version 2009; 64bit' Language: 'en' Physical Memory: 32694 MB
BatchMode: 1, IsHumanControllingUs: 0, StartBugReporterOnCrash: 0, Is64bit: 1, IsPro: 0

 COMMAND LINE ARGUMENTS:
C:\Program Files\Unity\Hub\Editor\2020.2.6f1\Editor\Unity.exe
-adb2
-batchMode
-noUpm
-name
AssetImportWorker0
-projectPath
D:/Projects/Other/Sinless/SinlessServer
-logFile
Logs/AssetImportWorker0.log
-srvPort
54495
Successfully changed project path to: D:/Projects/Other/Sinless/SinlessServer
D:/Projects/Other/Sinless/SinlessServer
Using Asset Import Pipeline V2.
Refreshing native plugins compatible for Editor in 24.87 ms, found 0 plugins.
Preloading 0 native plugins for Editor in 0.00 ms.
Initialize engine version: 2020.2.6f1 (8a2143876886)
[Subsystems] Discovering subsystems at path C:/Program Files/Unity/Hub/Editor/2020.2.6f1/Editor/Data/Resources/UnitySubsystems
[Subsystems] Discovering subsystems at path D:/Projects/Other/Sinless/SinlessServer/Assets
GfxDevice: creating device client; threaded=0
Direct3D:
    Version:  Direct3D 11.0 [level 11.1]
    Renderer: NVIDIA GeForce RTX 3080 (ID=0x2206)
    Vendor:   
    VRAM:     10077 MB
    Driver:   27.21.14.6611
Initialize mono
Mono path[0] = 'C:/Program Files/Unity/Hub/Editor/2020.2.6f1/Editor/Data/Managed'
Mono path[1] = 'C:/Program Files/Unity/Hub/Editor/2020.2.6f1/Editor/Data/MonoBleedingEdge/lib/mono/unityjit'
Mono config path = 'C:/Program Files/Unity/Hub/Editor/2020.2.6f1/Editor/Data/MonoBleedingEdge/etc'
Using monoOptions --debugger-agent=transport=dt_socket,embedding=1,server=y,suspend=n,address=127.0.0.1:56424
Begin MonoManager ReloadAssembly
Registering precompiled unity dll's ...
Register platform support module: C:/Program Files/Unity/Hub/Editor/2020.2.6f1/Editor/Data/PlaybackEngines/WindowsStandaloneSupport/UnityEditor.WindowsStandalone.Extensions.dll
Registered in 0.002532 seconds.
Native extension for WindowsStandalone target not found
Refreshing native plugins compatible for Editor in 23.98 ms, found 0 plugins.
Preloading 0 native plugins for Editor in 0.00 ms.
Invoked RoslynAnalysisRunner static constructor.
RoslynAnalysisRunner will not be running.
RoslynAnalysisRunner has terminated.
Mono: successfully reloaded assembly
- Completed reload, in  1.067 seconds
Platform modules already initialized, skipping
Registering precompiled user dll's ...
Registered in 0.000859 seconds.
Begin MonoManager ReloadAssembly
Native extension for WindowsStandalone target not found
Refreshing native plugins compatible for Editor in 0.35 ms, found 0 plugins.
Preloading 0 native plugins for Editor in 0.00 ms.
Invoked RoslynAnalysisRunner static constructor.
RoslynAnalysisRunner will not be running.
RoslynAnalysisRunner has terminated.
Mono: successfully reloaded assembly
- Completed reload, in  0.690 seconds
Platform modules already initialized, skipping
========================================================================
Worker process is ready to serve import requests
Launched and connected shader compiler UnityShaderCompiler.exe after 0.06 seconds
Refreshing native plugins compatible for Editor in 0.48 ms, found 0 plugins.
Preloading 0 native plugins for Editor in 0.00 ms.
Unloading 1213 Unused Serialized files (Serialized files now loaded: 0)
System memory in use before: 75.8 MB.
System memory in use after: 75.8 MB.

Unloading 10 unused Assets to reduce memory usage. Loaded Objects now: 1672.
Total: 1.869800 ms (FindLiveObjects: 0.264900 ms CreateObjectMapping: 0.087800 ms MarkObjects: 1.421700 ms  DeleteObjects: 0.093900 ms)

========================================================================
Received Import Request.
  path: Assets/Scripts
  artifactKey: Guid(1632689f73a6d2643ae21f58db9981b7) Importer(815301076,1909f56bfc062723c751e8b465ee728b)
Start importing Assets/Scripts using Guid(1632689f73a6d2643ae21f58db9981b7) Importer(815301076,1909f56bfc062723c751e8b465ee728b)  -> (artifact id: '14518ab70a66ca43c3128b5051e8ede9') in 0.004907 seconds
  Import took 0.006796 seconds .

========================================================================
Received Prepare
Registering precompiled user dll's ...
Registered in 0.001215 seconds.
Begin MonoManager ReloadAssembly
Native extension for WindowsStandalone target not found
Refreshing native plugins compatible for Editor in 0.33 ms, found 0 plugins.
Preloading 0 native plugins for Editor in 0.00 ms.
Invoked RoslynAnalysisRunner static constructor.
RoslynAnalysisRunner will not be running.
RoslynAnalysisRunner has terminated.
Mono: successfully reloaded assembly
- Completed reload, in  0.745 seconds
Platform modules already initialized, skipping
Refreshing native plugins compatible for Editor in 0.41 ms, found 0 plugins.
Preloading 0 native plugins for Editor in 0.00 ms.
Unloading 1187 Unused Serialized files (Serialized files now loaded: 0)
System memory in use before: 74.1 MB.
System memory in use after: 74.2 MB.

Unloading 5 unused Assets to reduce memory usage. Loaded Objects now: 1674.
Total: 1.884800 ms (FindLiveObjects: 0.176000 ms CreateObjectMapping: 0.041800 ms MarkObjects: 1.582400 ms  DeleteObjects: 0.083300 ms)

========================================================================
Received Prepare
Registering precompiled user dll's ...
Registered in 0.000811 seconds.
Begin MonoManager ReloadAssembly
Native extension for WindowsStandalone target not found
Refreshing native plugins compatible for Editor in 0.35 ms, found 0 plugins.
Preloading 0 native plugins for Editor in 0.00 ms.
Invoked RoslynAnalysisRunner static constructor.
RoslynAnalysisRunner will not be running.
RoslynAnalysisRunner has terminated.
Mono: successfully reloaded assembly
- Completed reload, in  0.682 seconds
Platform modules already initialized, skipping
Refreshing native plugins compatible for Editor in 0.31 ms, found 0 plugins.
Preloading 0 native plugins for Editor in 0.00 ms.
Unloading 1187 Unused Serialized files (Serialized files now loaded: 0)
System memory in use before: 74.1 MB.
System memory in use after: 74.2 MB.

Unloading 5 unused Assets to reduce memory usage. Loaded Objects now: 1676.
Total: 1.738300 ms (FindLiveObjects: 0.196500 ms CreateObjectMapping: 0.049300 ms MarkObjects: 1.431500 ms  DeleteObjects: 0.059800 ms)

========================================================================
Received Prepare
Registering precompiled user dll's ...
Registered in 0.000894 seconds.
Begin MonoManager ReloadAssembly
Native extension for WindowsStandalone target not found
Refreshing native plugins compatible for Editor in 0.31 ms, found 0 plugins.
Preloading 0 native plugins for Editor in 0.00 ms.
Invoked RoslynAnalysisRunner static constructor.
RoslynAnalysisRunner will not be running.
RoslynAnalysisRunner has terminated.
Mono: successfully reloaded assembly
- Completed reload, in  0.679 seconds
Platform modules already initialized, skipping
Refreshing native plugins compatible for Editor in 0.31 ms, found 0 plugins.
Preloading 0 native plugins for Editor in 0.00 ms.
Unloading 1187 Unused Serialized files (Serialized files now loaded: 0)
System memory in use before: 74.1 MB.
System memory in use after: 74.2 MB.

Unloading 5 unused Assets to reduce memory usage. Loaded Objects now: 1678.
Total: 1.922500 ms (FindLiveObjects: 0.174300 ms CreateObjectMapping: 0.051200 ms MarkObjects: 1.631700 ms  DeleteObjects: 0.064100 ms)

========================================================================
Received Prepare
Registering precompiled user dll's ...
Registered in 0.001289 seconds.
Begin MonoManager ReloadAssembly
Native extension for WindowsStandalone target not found
Refreshing native plugins compatible for Editor in 0.43 ms, found 0 plugins.
Preloading 0 native plugins for Editor in 0.00 ms.
Invoked RoslynAnalysisRunner static constructor.
RoslynAnalysisRunner will not be running.
RoslynAnalysisRunner has terminated.
Mono: successfully reloaded assembly
- Completed reload, in  0.779 seconds
Platform modules already initialized, skipping
Refreshing native plugins compatible for Editor in 0.37 ms, found 0 plugins.
Preloading 0 native plugins for Editor in 0.00 ms.
Unloading 1187 Unused Serialized files (Serialized files now loaded: 0)
System memory in use before: 74.2 MB.
System memory in use after: 74.2 MB.

Unloading 5 unused Assets to reduce memory usage. Loaded Objects now: 1680.
Total: 2.070200 ms (FindLiveObjects: 0.184100 ms CreateObjectMapping: 0.052700 ms MarkObjects: 1.746900 ms  DeleteObjects: 0.085000 ms)

========================================================================
Received Prepare
Registering precompiled user dll's ...
Registered in 0.001699 seconds.
Begin MonoManager ReloadAssembly
Native extension for WindowsStandalone target not found
Refreshing native plugins compatible for Editor in 0.32 ms, found 0 plugins.
Preloading 0 native plugins for Editor in 0.00 ms.
Invoked RoslynAnalysisRunner static constructor.
RoslynAnalysisRunner will not be running.
RoslynAnalysisRunner has terminated.
Mono: successfully reloaded assembly
- Completed reload, in  0.672 seconds
Platform modules already initialized, skipping
Refreshing native plugins compatible for Editor in 0.33 ms, found 0 plugins.
Preloading 0 native plugins for Editor in 0.00 ms.
Unloading 1187 Unused Serialized files (Serialized files now loaded: 0)
System memory in use before: 74.2 MB.
System memory in use after: 74.2 MB.

Unloading 5 unused Assets to reduce memory usage. Loaded Objects now: 1682.
Total: 1.761700 ms (FindLiveObjects: 0.166600 ms CreateObjectMapping: 0.028000 ms MarkObjects: 1.502000 ms  DeleteObjects: 0.063700 ms)

========================================================================
Received Prepare
Registering precompiled user dll's ...
Registered in 0.001069 seconds.
Begin MonoManager ReloadAssembly
Native extension for WindowsStandalone target not found
Refreshing native plugins compatible for Editor in 0.33 ms, found 0 plugins.
Preloading 0 native plugins for Editor in 0.00 ms.
Invoked RoslynAnalysisRunner static constructor.
RoslynAnalysisRunner will not be running.
RoslynAnalysisRunner has terminated.
Mono: successfully reloaded assembly
- Completed reload, in  0.784 seconds
Platform modules already initialized, skipping
Refreshing native plugins compatible for Editor in 0.34 ms, found 0 plugins.
Preloading 0 native plugins for Editor in 0.00 ms.
Unloading 1187 Unused Serialized files (Serialized files now loaded: 0)
System memory in use before: 74.2 MB.
System memory in use after: 74.2 MB.

Unloading 5 unused Assets to reduce memory usage. Loaded Objects now: 1684.
Total: 2.481000 ms (FindLiveObjects: 0.257300 ms CreateObjectMapping: 0.085300 ms MarkObjects: 2.064500 ms  DeleteObjects: 0.072700 ms)

========================================================================
Received Import Request.
  Time since last request: 5374.458154 seconds.
  path: Assets/Prefabs
  artifactKey: Guid(e95bf2d1893cc34458aff1281c63c5b8) Importer(815301076,1909f56bfc062723c751e8b465ee728b)
Start importing Assets/Prefabs using Guid(e95bf2d1893cc34458aff1281c63c5b8) Importer(815301076,1909f56bfc062723c751e8b465ee728b)  -> (artifact id: 'ab8fa1e8566edf1163a24fd1b24304f1') in 0.005500 seconds
  Import took 0.007685 seconds .

========================================================================
Received Import Request.
  Time since last request: 0.000505 seconds.
  path: Assets/Prefabs
  artifactKey: Guid(e95bf2d1893cc34458aff1281c63c5b8) Importer(815301076,1909f56bfc062723c751e8b465ee728b)
Start importing Assets/Prefabs using Guid(e95bf2d1893cc34458aff1281c63c5b8) Importer(815301076,1909f56bfc062723c751e8b465ee728b)  -> (artifact id: 'ab8fa1e8566edf1163a24fd1b24304f1') in 0.002541 seconds
  Import took 0.003903 seconds .

========================================================================
Received Import Request.
  Time since last request: 0.085175 seconds.
  path: Assets/Prefabs/Player.prefab
  artifactKey: Guid(5d63b6f549b890743b55d8e4aae7272a) Importer(815301076,1909f56bfc062723c751e8b465ee728b)
Start importing Assets/Prefabs/Player.prefab using Guid(5d63b6f549b890743b55d8e4aae7272a) Importer(815301076,1909f56bfc062723c751e8b465ee728b)  -> (artifact id: '647061aea6264481696a8cf6c35be539') in 0.275692 seconds
  Import took 0.279730 seconds .

========================================================================
Received Import Request.
  Time since last request: 2575.421898 seconds.
  path: Assets/Animations
  artifactKey: Guid(73cbe02c1844f7b4d95c5a5384d1b58e) Importer(815301076,1909f56bfc062723c751e8b465ee728b)
Start importing Assets/Animations using Guid(73cbe02c1844f7b4d95c5a5384d1b58e) Importer(815301076,1909f56bfc062723c751e8b465ee728b)  -> (artifact id: 'ab3970d417ab600a07b0ef5c4c65f08f') in 0.002493 seconds
  Import took 0.004677 seconds .

========================================================================
Received Import Request.
  Time since last request: 0.292952 seconds.
  path: Assets/Models
  artifactKey: Guid(b7ce207694c24c644b7c9a4c936b800f) Importer(815301076,1909f56bfc062723c751e8b465ee728b)
Start importing Assets/Models using Guid(b7ce207694c24c644b7c9a4c936b800f) Importer(815301076,1909f56bfc062723c751e8b465ee728b)  -> (artifact id: '80f15d3484e04473e0c6ba629bd6e475') in 0.002441 seconds
  Import took 0.004451 seconds .

========================================================================
Received Import Request.
  Time since last request: 0.823961 seconds.
  path: Assets/Models/Player
  artifactKey: Guid(704510d9e38f97a4fa8345a2f00b2c5d) Importer(815301076,1909f56bfc062723c751e8b465ee728b)
Start importing Assets/Models/Player using Guid(704510d9e38f97a4fa8345a2f00b2c5d) Importer(815301076,1909f56bfc062723c751e8b465ee728b)  -> (artifact id: 'cb577487186ef4a7d3cf5c94d1749901') in 0.002475 seconds
  Import took 0.004798 seconds .

========================================================================
Received Import Request.
  Time since last request: 0.046953 seconds.
  path: Assets/Models/Player/LowPolyMan.fbx
  artifactKey: Guid(8224a5c6144922f489193c65152076ad) Importer(815301076,1909f56bfc062723c751e8b465ee728b)
Start importing Assets/Models/Player/LowPolyMan.fbx using Guid(8224a5c6144922f489193c65152076ad) Importer(815301076,1909f56bfc062723c751e8b465ee728b)  -> (artifact id: 'c1d52a94fd1a162a22d45db58553c20b') in 0.152077 seconds
  Import took 0.154886 seconds .

========================================================================
Received Import Request.
  Time since last request: 6.417193 seconds.
  path: Assets/Models/Player/character.fbx
  artifactKey: Guid(5720e8958203e364caf27e80d943239b) Importer(815301076,1909f56bfc062723c751e8b465ee728b)
Start importing Assets/Models/Player/character.fbx using Guid(5720e8958203e364caf27e80d943239b) Importer(815301076,1909f56bfc062723c751e8b465ee728b)  -> (artifact id: 'acf4f420eb5a731dea6e07d0e9dcf1d8') in 0.027500 seconds
  Import took 0.030196 seconds .

========================================================================
Received Import Request.
  Time since last request: 232.736527 seconds.
  path: Assets/Prefabs/Player 1.prefab
  artifactKey: Guid(54da4b8aa909fbb4ca5249e407c437c2) Importer(815301076,1909f56bfc062723c751e8b465ee728b)
Start importing Assets/Prefabs/Player 1.prefab using Guid(54da4b8aa909fbb4ca5249e407c437c2) Importer(815301076,1909f56bfc062723c751e8b465ee728b)  -> (artifact id: '357e3f6783968b40f11842042e6c0952') in 0.018272 seconds
  Import took 0.021201 seconds .

========================================================================
Received Import Request.
  Time since last request: 0.000439 seconds.
  path: Assets/Prefabs/Player 1.prefab
  artifactKey: Guid(54da4b8aa909fbb4ca5249e407c437c2) Importer(815301076,1909f56bfc062723c751e8b465ee728b)
Start importing Assets/Prefabs/Player 1.prefab using Guid(54da4b8aa909fbb4ca5249e407c437c2) Importer(815301076,1909f56bfc062723c751e8b465ee728b)  -> (artifact id: '357e3f6783968b40f11842042e6c0952') in 0.055107 seconds
  Import took 0.059671 seconds .

========================================================================
Received Import Request.
  Time since last request: 9.762409 seconds.
  path: Assets/Prefabs/Player 1.prefab
  artifactKey: Guid(54da4b8aa909fbb4ca5249e407c437c2) Importer(815301076,1909f56bfc062723c751e8b465ee728b)
Start importing Assets/Prefabs/Player 1.prefab using Guid(54da4b8aa909fbb4ca5249e407c437c2) Importer(815301076,1909f56bfc062723c751e8b465ee728b)  -> (artifact id: 'e09479a67b7b965111178cd50549c223') in 0.013029 seconds
  Import took 0.015778 seconds .

========================================================================
Received Prepare
Registering precompiled user dll's ...
Registered in 0.001159 seconds.
Begin MonoManager ReloadAssembly
Native extension for WindowsStandalone target not found
Refreshing native plugins compatible for Editor in 0.32 ms, found 0 plugins.
Preloading 0 native plugins for Editor in 0.00 ms.
Invoked RoslynAnalysisRunner static constructor.
RoslynAnalysisRunner will not be running.
RoslynAnalysisRunner has terminated.
Mono: successfully reloaded assembly
- Completed reload, in  0.768 seconds
Platform modules already initialized, skipping
Refreshing native plugins compatible for Editor in 0.38 ms, found 0 plugins.
Preloading 0 native plugins for Editor in 0.00 ms.
Unloading 1187 Unused Serialized files (Serialized files now loaded: 0)
System memory in use before: 91.8 MB.
System memory in use after: 91.9 MB.

Unloading 5 unused Assets to reduce memory usage. Loaded Objects now: 1730.
Total: 2.393200 ms (FindLiveObjects: 0.277600 ms CreateObjectMapping: 0.085700 ms MarkObjects: 1.938500 ms  DeleteObjects: 0.090000 ms)

========================================================================
Received Import Request.
  Time since last request: 2755.775293 seconds.
  path: Assets/Prefabs/Player 1.prefab
  artifactKey: Guid(54da4b8aa909fbb4ca5249e407c437c2) Importer(815301076,1909f56bfc062723c751e8b465ee728b)
Start importing Assets/Prefabs/Player 1.prefab using Guid(54da4b8aa909fbb4ca5249e407c437c2) Importer(815301076,1909f56bfc062723c751e8b465ee728b)  -> (artifact id: 'ee5096041d648e315a303467cf52f1fc') in 0.126668 seconds
  Import took 0.129645 seconds .

========================================================================
Received Import Request.
  Time since last request: 0.253662 seconds.
  path: Assets/Prefabs/Player 1.prefab
  artifactKey: Guid(54da4b8aa909fbb4ca5249e407c437c2) Importer(815301076,1909f56bfc062723c751e8b465ee728b)
Start importing Assets/Prefabs/Player 1.prefab using Guid(54da4b8aa909fbb4ca5249e407c437c2) Importer(815301076,1909f56bfc062723c751e8b465ee728b)  -> (artifact id: '8c57665c1c1ba75ff015dd142720fc2c') in 0.013128 seconds
  Import took 0.015679 seconds .

========================================================================
Received Import Request.
  Time since last request: 0.786549 seconds.
  path: Assets/Prefabs/Player 1.prefab
  artifactKey: Guid(54da4b8aa909fbb4ca5249e407c437c2) Importer(815301076,1909f56bfc062723c751e8b465ee728b)
Start importing Assets/Prefabs/Player 1.prefab using Guid(54da4b8aa909fbb4ca5249e407c437c2) Importer(815301076,1909f56bfc062723c751e8b465ee728b)  -> (artifact id: '1fe0f7c8e11f5c252f3811c4d12db934') in 0.013299 seconds
  Import took 0.015883 seconds .

========================================================================
Received Import Request.
  Time since last request: 0.994936 seconds.
  path: Assets/Prefabs/Player 1.prefab
  artifactKey: Guid(54da4b8aa909fbb4ca5249e407c437c2) Importer(815301076,1909f56bfc062723c751e8b465ee728b)
Start importing Assets/Prefabs/Player 1.prefab using Guid(54da4b8aa909fbb4ca5249e407c437c2) Importer(815301076,1909f56bfc062723c751e8b465ee728b)  -> (artifact id: '6b59a363b53475a17d5e27e9d716f2e2') in 0.012670 seconds
  Import took 0.015102 seconds .

========================================================================
Received Prepare
Registering precompiled user dll's ...
Registered in 0.000651 seconds.
Begin MonoManager ReloadAssembly
Native extension for WindowsStandalone target not found
Refreshing native plugins compatible for Editor in 0.33 ms, found 0 plugins.
Preloading 0 native plugins for Editor in 0.00 ms.
Invoked RoslynAnalysisRunner static constructor.
RoslynAnalysisRunner will not be running.
RoslynAnalysisRunner has terminated.
Mono: successfully reloaded assembly
- Completed reload, in  0.674 seconds
Platform modules already initialized, skipping
Refreshing native plugins compatible for Editor in 0.36 ms, found 0 plugins.
Preloading 0 native plugins for Editor in 0.00 ms.
Unloading 1187 Unused Serialized files (Serialized files now loaded: 0)
System memory in use before: 91.9 MB.
System memory in use after: 91.9 MB.

Unloading 5 unused Assets to reduce memory usage. Loaded Objects now: 1733.
Total: 1.612500 ms (FindLiveObjects: 0.164400 ms CreateObjectMapping: 0.028300 ms MarkObjects: 1.359100 ms  DeleteObjects: 0.059800 ms)

========================================================================
Received Import Request.
  Time since last request: 610.607805 seconds.
  path: Assets/Models/Player/character.fbx
  artifactKey: Guid(5720e8958203e364caf27e80d943239b) Importer(815301076,1909f56bfc062723c751e8b465ee728b)
Start importing Assets/Models/Player/character.fbx using Guid(5720e8958203e364caf27e80d943239b) Importer(815301076,1909f56bfc062723c751e8b465ee728b)  -> (artifact id: '4f12285393cd58574ffc4b7130d89fd1') in 0.093341 seconds
  Import took 0.096493 seconds .

========================================================================
Received Import Request.
  Time since last request: 28.827072 seconds.
  path: Assets/Prefabs/Player 1.prefab
  artifactKey: Guid(54da4b8aa909fbb4ca5249e407c437c2) Importer(815301076,1909f56bfc062723c751e8b465ee728b)
Start importing Assets/Prefabs/Player 1.prefab using Guid(54da4b8aa909fbb4ca5249e407c437c2) Importer(815301076,1909f56bfc062723c751e8b465ee728b)  -> (artifact id: '830059d236c6ceca914a07150330d2a4') in 0.013589 seconds
  Import took 0.016170 seconds .

========================================================================
Received Import Request.
  Time since last request: 29.550485 seconds.
  path: Assets/Prefabs/Player 1.prefab
  artifactKey: Guid(54da4b8aa909fbb4ca5249e407c437c2) Importer(815301076,1909f56bfc062723c751e8b465ee728b)
Start importing Assets/Prefabs/Player 1.prefab using Guid(54da4b8aa909fbb4ca5249e407c437c2) Importer(815301076,1909f56bfc062723c751e8b465ee728b)  -> (artifact id: 'aca58cae0a4ff3530a2af63bbaac4e39') in 0.129945 seconds
  Import took 0.133723 seconds .

========================================================================
Received Prepare
Registering precompiled user dll's ...
Registered in 0.000820 seconds.
Begin MonoManager ReloadAssembly
Native extension for WindowsStandalone target not found
Refreshing native plugins compatible for Editor in 0.35 ms, found 0 plugins.
Preloading 0 native plugins for Editor in 0.00 ms.
Invoked RoslynAnalysisRunner static constructor.
RoslynAnalysisRunner will not be running.
RoslynAnalysisRunner has terminated.
Mono: successfully reloaded assembly
- Completed reload, in  0.862 seconds
Platform modules already initialized, skipping
Refreshing native plugins compatible for Editor in 0.47 ms, found 0 plugins.
Preloading 0 native plugins for Editor in 0.00 ms.
Unloading 1187 Unused Serialized files (Serialized files now loaded: 0)
System memory in use before: 92.0 MB.
System memory in use after: 92.0 MB.

Unloading 5 unused Assets to reduce memory usage. Loaded Objects now: 1736.
Total: 2.020600 ms (FindLiveObjects: 0.183300 ms CreateObjectMapping: 0.045600 ms MarkObjects: 1.721500 ms  DeleteObjects: 0.069200 ms)

========================================================================
Received Prepare
Registering precompiled user dll's ...
Registered in 0.001743 seconds.
Begin MonoManager ReloadAssembly
Native extension for WindowsStandalone target not found
Refreshing native plugins compatible for Editor in 0.34 ms, found 0 plugins.
Preloading 0 native plugins for Editor in 0.00 ms.
Invoked RoslynAnalysisRunner static constructor.
RoslynAnalysisRunner will not be running.
RoslynAnalysisRunner has terminated.
Mono: successfully reloaded assembly
- Completed reload, in  0.769 seconds
Platform modules already initialized, skipping
Refreshing native plugins compatible for Editor in 0.55 ms, found 0 plugins.
Preloading 0 native plugins for Editor in 0.00 ms.
Unloading 1187 Unused Serialized files (Serialized files now loaded: 0)
System memory in use before: 92.0 MB.
System memory in use after: 92.1 MB.

Unloading 5 unused Assets to reduce memory usage. Loaded Objects now: 1738.
Total: 2.041300 ms (FindLiveObjects: 0.270900 ms CreateObjectMapping: 0.070300 ms MarkObjects: 1.625800 ms  DeleteObjects: 0.072900 ms)

========================================================================
Received Prepare
Registering precompiled user dll's ...
Registered in 0.000895 seconds.
Begin MonoManager ReloadAssembly
Native extension for WindowsStandalone target not found
Refreshing native plugins compatible for Editor in 0.32 ms, found 0 plugins.
Preloading 0 native plugins for Editor in 0.00 ms.
Invoked RoslynAnalysisRunner static constructor.
RoslynAnalysisRunner will not be running.
RoslynAnalysisRunner has terminated.
Mono: successfully reloaded assembly
- Completed reload, in  0.647 seconds
Platform modules already initialized, skipping
Refreshing native plugins compatible for Editor in 0.47 ms, found 0 plugins.
Preloading 0 native plugins for Editor in 0.00 ms.
Unloading 1187 Unused Serialized files (Serialized files now loaded: 0)
System memory in use before: 92.0 MB.
System memory in use after: 92.1 MB.

Unloading 5 unused Assets to reduce memory usage. Loaded Objects now: 1740.
Total: 1.711100 ms (FindLiveObjects: 0.161700 ms CreateObjectMapping: 0.036100 ms MarkObjects: 1.450900 ms  DeleteObjects: 0.061400 ms)

========================================================================
Received Prepare
Registering precompiled user dll's ...
Registered in 0.000715 seconds.
Begin MonoManager ReloadAssembly
Native extension for WindowsStandalone target not found
Refreshing native plugins compatible for Editor in 0.41 ms, found 0 plugins.
Preloading 0 native plugins for Editor in 0.00 ms.
Invoked RoslynAnalysisRunner static constructor.
RoslynAnalysisRunner will not be running.
RoslynAnalysisRunner has terminated.
Mono: successfully reloaded assembly
- Completed reload, in  0.735 seconds
Platform modules already initialized, skipping
Refreshing native plugins compatible for Editor in 0.31 ms, found 0 plugins.
Preloading 0 native plugins for Editor in 0.00 ms.
Unloading 1187 Unused Serialized files (Serialized files now loaded: 0)
System memory in use before: 92.0 MB.
System memory in use after: 92.1 MB.

Unloading 5 unused Assets to reduce memory usage. Loaded Objects now: 1742.
Total: 1.853500 ms (FindLiveObjects: 0.222600 ms CreateObjectMapping: 0.039800 ms MarkObjects: 1.520500 ms  DeleteObjects: 0.069100 ms)

========================================================================
Received Prepare
Registering precompiled user dll's ...
Registered in 0.000955 seconds.
Begin MonoManager ReloadAssembly
Native extension for WindowsStandalone target not found
Refreshing native plugins compatible for Editor in 0.31 ms, found 0 plugins.
Preloading 0 native plugins for Editor in 0.00 ms.
Invoked RoslynAnalysisRunner static constructor.
RoslynAnalysisRunner will not be running.
RoslynAnalysisRunner has terminated.
Mono: successfully reloaded assembly
- Completed reload, in  0.648 seconds
Platform modules already initialized, skipping
Refreshing native plugins compatible for Editor in 0.33 ms, found 0 plugins.
Preloading 0 native plugins for Editor in 0.00 ms.
Unloading 1187 Unused Serialized files (Serialized files now loaded: 0)
System memory in use before: 92.0 MB.
System memory in use after: 92.1 MB.

Unloading 5 unused Assets to reduce memory usage. Loaded Objects now: 1744.
Total: 1.697000 ms (FindLiveObjects: 0.156500 ms CreateObjectMapping: 0.033100 ms MarkObjects: 1.447600 ms  DeleteObjects: 0.059000 ms)

========================================================================
Received Prepare
Registering precompiled user dll's ...
Registered in 0.000574 seconds.
Begin MonoManager ReloadAssembly
Native extension for WindowsStandalone target not found
Refreshing native plugins compatible for Editor in 0.31 ms, found 0 plugins.
Preloading 0 native plugins for Editor in 0.00 ms.
Invoked RoslynAnalysisRunner static constructor.
RoslynAnalysisRunner will not be running.
RoslynAnalysisRunner has terminated.
Mono: successfully reloaded assembly
- Completed reload, in  0.726 seconds
Platform modules already initialized, skipping
Refreshing native plugins compatible for Editor in 0.31 ms, found 0 plugins.
Preloading 0 native plugins for Editor in 0.00 ms.
Unloading 1187 Unused Serialized files (Serialized files now loaded: 0)
System memory in use before: 92.0 MB.
System memory in use after: 92.1 MB.

Unloading 5 unused Assets to reduce memory usage. Loaded Objects now: 1746.
Total: 1.743000 ms (FindLiveObjects: 0.164000 ms CreateObjectMapping: 0.038900 ms MarkObjects: 1.476100 ms  DeleteObjects: 0.062900 ms)

========================================================================
Received Prepare
Registering precompiled user dll's ...
Registered in 0.001982 seconds.
Begin MonoManager ReloadAssembly
Native extension for WindowsStandalone target not found
Refreshing native plugins compatible for Editor in 0.31 ms, found 0 plugins.
Preloading 0 native plugins for Editor in 0.00 ms.
Invoked RoslynAnalysisRunner static constructor.
RoslynAnalysisRunner will not be running.
RoslynAnalysisRunner has terminated.
Mono: successfully reloaded assembly
- Completed reload, in  0.637 seconds
Platform modules already initialized, skipping
Refreshing native plugins compatible for Editor in 0.31 ms, found 0 plugins.
Preloading 0 native plugins for Editor in 0.00 ms.
Unloading 1187 Unused Serialized files (Serialized files now loaded: 0)
System memory in use before: 92.0 MB.
System memory in use after: 92.1 MB.

Unloading 5 unused Assets to reduce memory usage. Loaded Objects now: 1748.
Total: 1.940700 ms (FindLiveObjects: 0.321500 ms CreateObjectMapping: 0.102100 ms MarkObjects: 1.447500 ms  DeleteObjects: 0.068200 ms)

========================================================================
Received Prepare
Registering precompiled user dll's ...
Registered in 0.000738 seconds.
Begin MonoManager ReloadAssembly
Native extension for WindowsStandalone target not found
Refreshing native plugins compatible for Editor in 0.34 ms, found 0 plugins.
Preloading 0 native plugins for Editor in 0.00 ms.
Invoked RoslynAnalysisRunner static constructor.
RoslynAnalysisRunner will not be running.
RoslynAnalysisRunner has terminated.
Mono: successfully reloaded assembly
- Completed reload, in  0.771 seconds
Platform modules already initialized, skipping
Refreshing native plugins compatible for Editor in 0.33 ms, found 0 plugins.
Preloading 0 native plugins for Editor in 0.00 ms.
Unloading 1187 Unused Serialized files (Serialized files now loaded: 0)
System memory in use before: 92.0 MB.
System memory in use after: 92.1 MB.

Unloading 5 unused Assets to reduce memory usage. Loaded Objects now: 1750.
Total: 2.172400 ms (FindLiveObjects: 0.196400 ms CreateObjectMapping: 0.060500 ms MarkObjects: 1.839200 ms  DeleteObjects: 0.074300 ms)

========================================================================
Received Prepare
Registering precompiled user dll's ...
Registered in 0.001298 seconds.
Begin MonoManager ReloadAssembly
Native extension for WindowsStandalone target not found
Refreshing native plugins compatible for Editor in 0.34 ms, found 0 plugins.
Preloading 0 native plugins for Editor in 0.00 ms.
Invoked RoslynAnalysisRunner static constructor.
RoslynAnalysisRunner will not be running.
RoslynAnalysisRunner has terminated.
Mono: successfully reloaded assembly
- Completed reload, in  0.761 seconds
Platform modules already initialized, skipping
Refreshing native plugins compatible for Editor in 0.48 ms, found 0 plugins.
Preloading 0 native plugins for Editor in 0.00 ms.
Unloading 1187 Unused Serialized files (Serialized files now loaded: 0)
System memory in use before: 92.0 MB.
System memory in use after: 92.1 MB.

Unloading 5 unused Assets to reduce memory usage. Loaded Objects now: 1752.
Total: 2.255900 ms (FindLiveObjects: 0.202900 ms CreateObjectMapping: 0.052300 ms MarkObjects: 1.897300 ms  DeleteObjects: 0.102100 ms)

========================================================================
Received Prepare
Registering precompiled user dll's ...
Registered in 0.000702 seconds.
Begin MonoManager ReloadAssembly
Native extension for WindowsStandalone target not found
Refreshing native plugins compatible for Editor in 0.31 ms, found 0 plugins.
Preloading 0 native plugins for Editor in 0.00 ms.
Invoked RoslynAnalysisRunner static constructor.
RoslynAnalysisRunner will not be running.
RoslynAnalysisRunner has terminated.
Mono: successfully reloaded assembly
- Completed reload, in  0.664 seconds
Platform modules already initialized, skipping
Refreshing native plugins compatible for Editor in 0.31 ms, found 0 plugins.
Preloading 0 native plugins for Editor in 0.00 ms.
Unloading 1187 Unused Serialized files (Serialized files now loaded: 0)
System memory in use before: 92.0 MB.
System memory in use after: 92.1 MB.

Unloading 5 unused Assets to reduce memory usage. Loaded Objects now: 1754.
Total: 2.207100 ms (FindLiveObjects: 0.165000 ms CreateObjectMapping: 0.044800 ms MarkObjects: 1.928600 ms  DeleteObjects: 0.067700 ms)

========================================================================
Received Prepare
Registering precompiled user dll's ...
Registered in 0.000666 seconds.
Begin MonoManager ReloadAssembly
Native extension for WindowsStandalone target not found
Refreshing native plugins compatible for Editor in 0.41 ms, found 0 plugins.
Preloading 0 native plugins for Editor in 0.00 ms.
Invoked RoslynAnalysisRunner static constructor.
RoslynAnalysisRunner will not be running.
RoslynAnalysisRunner has terminated.
Mono: successfully reloaded assembly
- Completed reload, in  0.743 seconds
Platform modules already initialized, skipping
Refreshing native plugins compatible for Editor in 0.33 ms, found 0 plugins.
Preloading 0 native plugins for Editor in 0.00 ms.
Unloading 1187 Unused Serialized files (Serialized files now loaded: 0)
System memory in use before: 92.0 MB.
System memory in use after: 92.1 MB.

Unloading 5 unused Assets to reduce memory usage. Loaded Objects now: 1756.
Total: 1.990000 ms (FindLiveObjects: 0.200600 ms CreateObjectMapping: 0.058300 ms MarkObjects: 1.653000 ms  DeleteObjects: 0.076900 ms)

========================================================================
Received Prepare
Registering precompiled user dll's ...
Registered in 0.001447 seconds.
Begin MonoManager ReloadAssembly
Native extension for WindowsStandalone target not found
Refreshing native plugins compatible for Editor in 0.34 ms, found 0 plugins.
Preloading 0 native plugins for Editor in 0.00 ms.
Invoked RoslynAnalysisRunner static constructor.
RoslynAnalysisRunner will not be running.
RoslynAnalysisRunner has terminated.
Mono: successfully reloaded assembly
- Completed reload, in  0.667 seconds
Platform modules already initialized, skipping
Refreshing native plugins compatible for Editor in 0.33 ms, found 0 plugins.
Preloading 0 native plugins for Editor in 0.00 ms.
Unloading 1187 Unused Serialized files (Serialized files now loaded: 0)
System memory in use before: 92.0 MB.
System memory in use after: 92.1 MB.

Unloading 5 unused Assets to reduce memory usage. Loaded Objects now: 1758.
Total: 1.832600 ms (FindLiveObjects: 0.182800 ms CreateObjectMapping: 0.038600 ms MarkObjects: 1.542800 ms  DeleteObjects: 0.067100 ms)

========================================================================
Received Prepare
Registering precompiled user dll's ...
Registered in 0.000922 seconds.
Begin MonoManager ReloadAssembly
Native extension for WindowsStandalone target not found
Refreshing native plugins compatible for Editor in 0.32 ms, found 0 plugins.
Preloading 0 native plugins for Editor in 0.00 ms.
Invoked RoslynAnalysisRunner static constructor.
RoslynAnalysisRunner will not be running.
RoslynAnalysisRunner has terminated.
Mono: successfully reloaded assembly
- Completed reload, in  0.652 seconds
Platform modules already initialized, skipping
Refreshing native plugins compatible for Editor in 0.32 ms, found 0 plugins.
Preloading 0 native plugins for Editor in 0.00 ms.
Unloading 1187 Unused Serialized files (Serialized files now loaded: 0)
System memory in use before: 92.0 MB.
System memory in use after: 92.1 MB.

Unloading 5 unused Assets to reduce memory usage. Loaded Objects now: 1760.
Total: 1.829600 ms (FindLiveObjects: 0.229800 ms CreateObjectMapping: 0.053200 ms MarkObjects: 1.482300 ms  DeleteObjects: 0.063500 ms)

========================================================================
Received Prepare
Registering precompiled user dll's ...
Registered in 0.001434 seconds.
Begin MonoManager ReloadAssembly
Native extension for WindowsStandalone target not found
Refreshing native plugins compatible for Editor in 0.32 ms, found 0 plugins.
Preloading 0 native plugins for Editor in 0.00 ms.
Invoked RoslynAnalysisRunner static constructor.
RoslynAnalysisRunner will not be running.
RoslynAnalysisRunner has terminated.
Mono: successfully reloaded assembly
- Completed reload, in  0.670 seconds
Platform modules already initialized, skipping
Refreshing native plugins compatible for Editor in 0.31 ms, found 0 plugins.
Preloading 0 native plugins for Editor in 0.00 ms.
Unloading 1187 Unused Serialized files (Serialized files now loaded: 0)
System memory in use before: 92.0 MB.
System memory in use after: 92.1 MB.

Unloading 5 unused Assets to reduce memory usage. Loaded Objects now: 1762.
Total: 1.745900 ms (FindLiveObjects: 0.148500 ms CreateObjectMapping: 0.036500 ms MarkObjects: 1.501600 ms  DeleteObjects: 0.058300 ms)

========================================================================
Received Prepare
Registering precompiled user dll's ...
Registered in 0.001935 seconds.
Begin MonoManager ReloadAssembly
Native extension for WindowsStandalone target not found
Refreshing native plugins compatible for Editor in 0.32 ms, found 0 plugins.
Preloading 0 native plugins for Editor in 0.00 ms.
Invoked RoslynAnalysisRunner static constructor.
RoslynAnalysisRunner will not be running.
RoslynAnalysisRunner has terminated.
Mono: successfully reloaded assembly
- Completed reload, in  0.657 seconds
Platform modules already initialized, skipping
Refreshing native plugins compatible for Editor in 0.31 ms, found 0 plugins.
Preloading 0 native plugins for Editor in 0.00 ms.
Unloading 1187 Unused Serialized files (Serialized files now loaded: 0)
System memory in use before: 92.0 MB.
System memory in use after: 92.1 MB.

Unloading 5 unused Assets to reduce memory usage. Loaded Objects now: 1764.
Total: 2.083700 ms (FindLiveObjects: 0.215900 ms CreateObjectMapping: 0.063100 ms MarkObjects: 1.732500 ms  DeleteObjects: 0.070900 ms)

========================================================================
Received Import Request.
  Time since last request: 62306.095329 seconds.
  path: Assets/Animations/Low Poly Character
  artifactKey: Guid(9c9ac9040b595b246941b46b3e246e90) Importer(815301076,1909f56bfc062723c751e8b465ee728b)
Start importing Assets/Animations/Low Poly Character using Guid(9c9ac9040b595b246941b46b3e246e90) Importer(815301076,1909f56bfc062723c751e8b465ee728b)  -> (artifact id: 'a1c62b100da80cca89dbe05369e513cf') in 0.038826 seconds
  Import took 0.042989 seconds .

========================================================================
Received Import Request.
  Time since last request: 12.992349 seconds.
  path: Assets/Animations/Low Poly Character/character.fbx
  artifactKey: Guid(9f61a4954208cb649aab6e54417984db) Importer(815301076,1909f56bfc062723c751e8b465ee728b)
Start importing Assets/Animations/Low Poly Character/character.fbx using Guid(9f61a4954208cb649aab6e54417984db) Importer(815301076,1909f56bfc062723c751e8b465ee728b)  -> (artifact id: 'b3ad485be8d2d5711c9bcce050e08904') in 0.083277 seconds
  Import took 0.085674 seconds .

========================================================================
Received Import Request.
  Time since last request: 0.000201 seconds.
  path: Assets/Animations/Low Poly Character/right strafe walking.fbx
  artifactKey: Guid(fc249bba8be0c3d4f89ac8c8a5eae47b) Importer(815301076,1909f56bfc062723c751e8b465ee728b)
Start importing Assets/Animations/Low Poly Character/right strafe walking.fbx using Guid(fc249bba8be0c3d4f89ac8c8a5eae47b) Importer(815301076,1909f56bfc062723c751e8b465ee728b)  -> (artifact id: '6fe23adeac466b3f0c8ae727ea841385') in 0.005915 seconds
  Import took 0.007576 seconds .

========================================================================
Received Import Request.
  Time since last request: 0.000140 seconds.
  path: Assets/Animations/Low Poly Character/left turn 90.fbx
  artifactKey: Guid(0c39eb15e2b9b88429e8c8beff2e3963) Importer(815301076,1909f56bfc062723c751e8b465ee728b)
Start importing Assets/Animations/Low Poly Character/left turn 90.fbx using Guid(0c39eb15e2b9b88429e8c8beff2e3963) Importer(815301076,1909f56bfc062723c751e8b465ee728b)  -> (artifact id: '38eeb403b27cdaab95a5b6fcf339d212') in 0.004816 seconds
  Import took 0.006488 seconds .

========================================================================
Received Import Request.
  Time since last request: 0.000140 seconds.
  path: Assets/Animations/Low Poly Character/right turn 90.fbx
  artifactKey: Guid(8eb638eae320dd442826105c46619ea0) Importer(815301076,1909f56bfc062723c751e8b465ee728b)
Start importing Assets/Animations/Low Poly Character/right turn 90.fbx using Guid(8eb638eae320dd442826105c46619ea0) Importer(815301076,1909f56bfc062723c751e8b465ee728b)  -> (artifact id: '3f08176828c3cacccdd1e7fee11f66cf') in 0.004814 seconds
  Import took 0.006385 seconds .

========================================================================
Received Import Request.
  Time since last request: 0.000139 seconds.
  path: Assets/Animations/Low Poly Character/standard run.fbx
  artifactKey: Guid(a785fd287ae63d04abd7ff226ddc26a1) Importer(815301076,1909f56bfc062723c751e8b465ee728b)
Start importing Assets/Animations/Low Poly Character/standard run.fbx using Guid(a785fd287ae63d04abd7ff226ddc26a1) Importer(815301076,1909f56bfc062723c751e8b465ee728b)  -> (artifact id: '7b9878d0b4d726d97e665ad09c557f3e') in 0.004876 seconds
  Import took 0.006687 seconds .

========================================================================
Received Import Request.
  Time since last request: 0.000151 seconds.
  path: Assets/Animations/Low Poly Character/left strafe walking.fbx
  artifactKey: Guid(139a2c08cbe369c4f982f79723d3e5f9) Importer(815301076,1909f56bfc062723c751e8b465ee728b)
Start importing Assets/Animations/Low Poly Character/left strafe walking.fbx using Guid(139a2c08cbe369c4f982f79723d3e5f9) Importer(815301076,1909f56bfc062723c751e8b465ee728b)  -> (artifact id: '5d5f22ca9e256bee1446899a2f7205e1') in 0.004802 seconds
  Import took 0.006830 seconds .

========================================================================
Received Import Request.
  Time since last request: 0.000222 seconds.
  path: Assets/Animations/Low Poly Character/idle.fbx
  artifactKey: Guid(3af1f97bc42765b4dade56b68507e121) Importer(815301076,1909f56bfc062723c751e8b465ee728b)
Start importing Assets/Animations/Low Poly Character/idle.fbx using Guid(3af1f97bc42765b4dade56b68507e121) Importer(815301076,1909f56bfc062723c751e8b465ee728b)  -> (artifact id: '9698143234d6cf03ef4a01468592e86c') in 0.004690 seconds
  Import took 0.006416 seconds .

========================================================================
Received Import Request.
  Time since last request: 0.000157 seconds.
  path: Assets/Animations/Low Poly Character/walking.fbx
  artifactKey: Guid(6b9042e081d209b4f9ab5beb17cb3218) Importer(815301076,1909f56bfc062723c751e8b465ee728b)
Start importing Assets/Animations/Low Poly Character/walking.fbx using Guid(6b9042e081d209b4f9ab5beb17cb3218) Importer(815301076,1909f56bfc062723c751e8b465ee728b)  -> (artifact id: '34282b513e7c90bb02527559e910c24f') in 0.006225 seconds
  Import took 0.008338 seconds .

========================================================================
Received Import Request.
  Time since last request: 0.000148 seconds.
  path: Assets/Animations/Low Poly Character/jump.fbx
  artifactKey: Guid(e4e600fd40c2530469cf92bca4dead85) Importer(815301076,1909f56bfc062723c751e8b465ee728b)
Start importing Assets/Animations/Low Poly Character/jump.fbx using Guid(e4e600fd40c2530469cf92bca4dead85) Importer(815301076,1909f56bfc062723c751e8b465ee728b)  -> (artifact id: 'a263429224b13b64eed79640876d40fd') in 0.005144 seconds
  Import took 0.006787 seconds .

========================================================================
Received Import Request.
  Time since last request: 0.000133 seconds.
  path: Assets/Animations/Low Poly Character/left strafe.fbx
  artifactKey: Guid(26697239e51cb824ea6391028d1abd0e) Importer(815301076,1909f56bfc062723c751e8b465ee728b)
Start importing Assets/Animations/Low Poly Character/left strafe.fbx using Guid(26697239e51cb824ea6391028d1abd0e) Importer(815301076,1909f56bfc062723c751e8b465ee728b)  -> (artifact id: 'ee925f85d3cab1c0d8d216319b22d68f') in 0.004845 seconds
  Import took 0.006456 seconds .

========================================================================
Received Import Request.
  Time since last request: 0.000140 seconds.
  path: Assets/Animations/Low Poly Character/right strafe.fbx
  artifactKey: Guid(0699fb687df4d1640bc2a10ef8365e21) Importer(815301076,1909f56bfc062723c751e8b465ee728b)
Start importing Assets/Animations/Low Poly Character/right strafe.fbx using Guid(0699fb687df4d1640bc2a10ef8365e21) Importer(815301076,1909f56bfc062723c751e8b465ee728b)  -> (artifact id: '9a74b07480c11ed19a159941342fcf9d') in 0.004861 seconds
  Import took 0.006764 seconds .

========================================================================
Received Import Request.
  Time since last request: 26.331504 seconds.
  path: Assets/Animations/Low Poly Character/character.fbx
  artifactKey: Guid(9f61a4954208cb649aab6e54417984db) Importer(815301076,1909f56bfc062723c751e8b465ee728b)
Start importing Assets/Animations/Low Poly Character/character.fbx using Guid(9f61a4954208cb649aab6e54417984db) Importer(815301076,1909f56bfc062723c751e8b465ee728b)  -> (artifact id: '35c9584dc5ca861d6bcdb5d9a73e2d41') in 0.061139 seconds
  Import took 0.063654 seconds .

========================================================================
Received Import Request.
  Time since last request: 145.822496 seconds.
  path: Assets/Animations/Low Poly Character/idle.fbx
  artifactKey: Guid(3af1f97bc42765b4dade56b68507e121) Importer(815301076,1909f56bfc062723c751e8b465ee728b)
Start importing Assets/Animations/Low Poly Character/idle.fbx using Guid(3af1f97bc42765b4dade56b68507e121) Importer(815301076,1909f56bfc062723c751e8b465ee728b)  -> (artifact id: '8130a4948bc090e487101eefaf5ed1f4') in 0.006538 seconds
  Import took 0.009162 seconds .

========================================================================
Received Import Request.
  Time since last request: 0.003811 seconds.
  path: Assets/Animations/Low Poly Character/idle.fbx
  artifactKey: Guid(3af1f97bc42765b4dade56b68507e121) Importer(815301076,1909f56bfc062723c751e8b465ee728b)
Start importing Assets/Animations/Low Poly Character/idle.fbx using Guid(3af1f97bc42765b4dade56b68507e121) Importer(815301076,1909f56bfc062723c751e8b465ee728b)  -> (artifact id: '8130a4948bc090e487101eefaf5ed1f4') in 0.005636 seconds
  Import took 0.008044 seconds .

========================================================================
Received Import Request.
  Time since last request: 19.518351 seconds.
  path: Assets/Animations/Low Poly Character/jump.fbx
  artifactKey: Guid(e4e600fd40c2530469cf92bca4dead85) Importer(815301076,1909f56bfc062723c751e8b465ee728b)
Start importing Assets/Animations/Low Poly Character/jump.fbx using Guid(e4e600fd40c2530469cf92bca4dead85) Importer(815301076,1909f56bfc062723c751e8b465ee728b)  -> (artifact id: 'e6866a894edf3a136ade41ae2eff377d') in 0.006501 seconds
  Import took 0.008872 seconds .

========================================================================
Received Import Request.
  Time since last request: 0.005367 seconds.
  path: Assets/Animations/Low Poly Character/jump.fbx
  artifactKey: Guid(e4e600fd40c2530469cf92bca4dead85) Importer(815301076,1909f56bfc062723c751e8b465ee728b)
Start importing Assets/Animations/Low Poly Character/jump.fbx using Guid(e4e600fd40c2530469cf92bca4dead85) Importer(815301076,1909f56bfc062723c751e8b465ee728b)  -> (artifact id: 'e6866a894edf3a136ade41ae2eff377d') in 0.007167 seconds
  Import took 0.009496 seconds .

========================================================================
Received Import Request.
  Time since last request: 80.018900 seconds.
  path: Assets/Animations/Low Poly Character/left strafe walking.fbx
  artifactKey: Guid(139a2c08cbe369c4f982f79723d3e5f9) Importer(815301076,1909f56bfc062723c751e8b465ee728b)
Start importing Assets/Animations/Low Poly Character/left strafe walking.fbx using Guid(139a2c08cbe369c4f982f79723d3e5f9) Importer(815301076,1909f56bfc062723c751e8b465ee728b)  -> (artifact id: '252a8149ce745ab791b0c9e70be56013') in 0.006520 seconds
  Import took 0.009652 seconds .

========================================================================
Received Import Request.
  Time since last request: 36.308754 seconds.
  path: Assets/Animations/Low Poly Character/left strafe.fbx
  artifactKey: Guid(26697239e51cb824ea6391028d1abd0e) Importer(815301076,1909f56bfc062723c751e8b465ee728b)
Start importing Assets/Animations/Low Poly Character/left strafe.fbx using Guid(26697239e51cb824ea6391028d1abd0e) Importer(815301076,1909f56bfc062723c751e8b465ee728b)  -> (artifact id: '8130c598fcbfb7ce665ca06068a5039f') in 0.005614 seconds
  Import took 0.008238 seconds .

========================================================================
Received Import Request.
  Time since last request: 0.004980 seconds.
  path: Assets/Animations/Low Poly Character/left strafe.fbx
  artifactKey: Guid(26697239e51cb824ea6391028d1abd0e) Importer(815301076,1909f56bfc062723c751e8b465ee728b)
Start importing Assets/Animations/Low Poly Character/left strafe.fbx using Guid(26697239e51cb824ea6391028d1abd0e) Importer(815301076,1909f56bfc062723c751e8b465ee728b)  -> (artifact id: '8130c598fcbfb7ce665ca06068a5039f') in 0.006254 seconds
  Import took 0.008730 seconds .

========================================================================
Received Import Request.
  Time since last request: 16.135923 seconds.
  path: Assets/Animations/Low Poly Character/left turn 90.fbx
  artifactKey: Guid(0c39eb15e2b9b88429e8c8beff2e3963) Importer(815301076,1909f56bfc062723c751e8b465ee728b)
Start importing Assets/Animations/Low Poly Character/left turn 90.fbx using Guid(0c39eb15e2b9b88429e8c8beff2e3963) Importer(815301076,1909f56bfc062723c751e8b465ee728b)  -> (artifact id: '5a2af514a3b855c6005f452685d8987e') in 0.022273 seconds
  Import took 0.028575 seconds .

========================================================================
Received Import Request.
  Time since last request: 17.522519 seconds.
  path: Assets/Animations/Low Poly Character/right strafe walking.fbx
  artifactKey: Guid(fc249bba8be0c3d4f89ac8c8a5eae47b) Importer(815301076,1909f56bfc062723c751e8b465ee728b)
Start importing Assets/Animations/Low Poly Character/right strafe walking.fbx using Guid(fc249bba8be0c3d4f89ac8c8a5eae47b) Importer(815301076,1909f56bfc062723c751e8b465ee728b)  -> (artifact id: 'b658ac931bca21b35eb8671bf73ad354') in 0.005798 seconds
  Import took 0.008210 seconds .

========================================================================
Received Import Request.
  Time since last request: 0.004350 seconds.
  path: Assets/Animations/Low Poly Character/right strafe walking.fbx
  artifactKey: Guid(fc249bba8be0c3d4f89ac8c8a5eae47b) Importer(815301076,1909f56bfc062723c751e8b465ee728b)
Start importing Assets/Animations/Low Poly Character/right strafe walking.fbx using Guid(fc249bba8be0c3d4f89ac8c8a5eae47b) Importer(815301076,1909f56bfc062723c751e8b465ee728b)  -> (artifact id: 'b658ac931bca21b35eb8671bf73ad354') in 0.005421 seconds
  Import took 0.007585 seconds .

========================================================================
Received Import Request.
  Time since last request: 15.250248 seconds.
  path: Assets/Animations/Low Poly Character/right strafe.fbx
  artifactKey: Guid(0699fb687df4d1640bc2a10ef8365e21) Importer(815301076,1909f56bfc062723c751e8b465ee728b)
Start importing Assets/Animations/Low Poly Character/right strafe.fbx using Guid(0699fb687df4d1640bc2a10ef8365e21) Importer(815301076,1909f56bfc062723c751e8b465ee728b)  -> (artifact id: '42723f3783b377841a55b72f175c9315') in 0.007137 seconds
  Import took 0.010222 seconds .

========================================================================
Received Import Request.
  Time since last request: 0.003102 seconds.
  path: Assets/Animations/Low Poly Character/right strafe.fbx
  artifactKey: Guid(0699fb687df4d1640bc2a10ef8365e21) Importer(815301076,1909f56bfc062723c751e8b465ee728b)
Start importing Assets/Animations/Low Poly Character/right strafe.fbx using Guid(0699fb687df4d1640bc2a10ef8365e21) Importer(815301076,1909f56bfc062723c751e8b465ee728b)  -> (artifact id: '42723f3783b377841a55b72f175c9315') in 0.006295 seconds
  Import took 0.009060 seconds .

========================================================================
Received Import Request.
  Time since last request: 16.443790 seconds.
  path: Assets/Animations/Low Poly Character/right turn 90.fbx
  artifactKey: Guid(8eb638eae320dd442826105c46619ea0) Importer(815301076,1909f56bfc062723c751e8b465ee728b)
Start importing Assets/Animations/Low Poly Character/right turn 90.fbx using Guid(8eb638eae320dd442826105c46619ea0) Importer(815301076,1909f56bfc062723c751e8b465ee728b)  -> (artifact id: 'e5587180c1f52f44280a7aa8133606ab') in 0.005693 seconds
  Import took 0.008464 seconds .

========================================================================
Received Import Request.
  Time since last request: 0.005793 seconds.
  path: Assets/Animations/Low Poly Character/right turn 90.fbx
  artifactKey: Guid(8eb638eae320dd442826105c46619ea0) Importer(815301076,1909f56bfc062723c751e8b465ee728b)
Start importing Assets/Animations/Low Poly Character/right turn 90.fbx using Guid(8eb638eae320dd442826105c46619ea0) Importer(815301076,1909f56bfc062723c751e8b465ee728b)  -> (artifact id: 'e5587180c1f52f44280a7aa8133606ab') in 0.006674 seconds
  Import took 0.009738 seconds .

========================================================================
Received Import Request.
  Time since last request: 19.574545 seconds.
  path: Assets/Animations/Low Poly Character/standard run.fbx
  artifactKey: Guid(a785fd287ae63d04abd7ff226ddc26a1) Importer(815301076,1909f56bfc062723c751e8b465ee728b)
Start importing Assets/Animations/Low Poly Character/standard run.fbx using Guid(a785fd287ae63d04abd7ff226ddc26a1) Importer(815301076,1909f56bfc062723c751e8b465ee728b)  -> (artifact id: '8852ded3b476d3f18b166ae14c98e147') in 0.006405 seconds
  Import took 0.009078 seconds .

========================================================================
Received Import Request.
  Time since last request: 0.005149 seconds.
  path: Assets/Animations/Low Poly Character/standard run.fbx
  artifactKey: Guid(a785fd287ae63d04abd7ff226ddc26a1) Importer(815301076,1909f56bfc062723c751e8b465ee728b)
Start importing Assets/Animations/Low Poly Character/standard run.fbx using Guid(a785fd287ae63d04abd7ff226ddc26a1) Importer(815301076,1909f56bfc062723c751e8b465ee728b)  -> (artifact id: '8852ded3b476d3f18b166ae14c98e147') in 0.006286 seconds
  Import took 0.008497 seconds .

========================================================================
Received Import Request.
  Time since last request: 33.420990 seconds.
  path: Assets/Animations/Low Poly Character/walking.fbx
  artifactKey: Guid(6b9042e081d209b4f9ab5beb17cb3218) Importer(815301076,1909f56bfc062723c751e8b465ee728b)
Start importing Assets/Animations/Low Poly Character/walking.fbx using Guid(6b9042e081d209b4f9ab5beb17cb3218) Importer(815301076,1909f56bfc062723c751e8b465ee728b)  -> (artifact id: '18123319a6243dad47e7401fa2c8da82') in 0.005780 seconds
  Import took 0.008286 seconds .

========================================================================
Received Import Request.
  Time since last request: 0.003894 seconds.
  path: Assets/Animations/Low Poly Character/walking.fbx
  artifactKey: Guid(6b9042e081d209b4f9ab5beb17cb3218) Importer(815301076,1909f56bfc062723c751e8b465ee728b)
Start importing Assets/Animations/Low Poly Character/walking.fbx using Guid(6b9042e081d209b4f9ab5beb17cb3218) Importer(815301076,1909f56bfc062723c751e8b465ee728b)  -> (artifact id: '18123319a6243dad47e7401fa2c8da82') in 0.007311 seconds
  Import took 0.009988 seconds .

========================================================================
Received Import Request.
  Time since last request: 5.183338 seconds.
  path: Assets/Models/Player/Animations/Player/Locomotion/Idle.anim
  artifactKey: Guid(a94531a754a95eb469bcf4641a22abb7) Importer(815301076,1909f56bfc062723c751e8b465ee728b)
Start importing Assets/Models/Player/Animations/Player/Locomotion/Idle.anim using Guid(a94531a754a95eb469bcf4641a22abb7) Importer(815301076,1909f56bfc062723c751e8b465ee728b)  -> (artifact id: '8189105303e8b04581a5fb2d4ab8f5c4') in 0.012910 seconds
  Import took 0.015390 seconds .

========================================================================
Received Import Request.
  Time since last request: 0.000175 seconds.
  path: Assets/Models/Player/Animations/Player/Locomotion/VampMat.mat
  artifactKey: Guid(00e2dd5de0d06b24fad00f7c2efd5ea4) Importer(815301076,1909f56bfc062723c751e8b465ee728b)
Start importing Assets/Models/Player/Animations/Player/Locomotion/VampMat.mat using Guid(00e2dd5de0d06b24fad00f7c2efd5ea4) Importer(815301076,1909f56bfc062723c751e8b465ee728b)  -> (artifact id: '6e8fe5c60b541565182c78bddfd563cb') in 0.022322 seconds
  Import took 0.025018 seconds .

========================================================================
Received Import Request.
  Time since last request: 0.000184 seconds.
  path: Assets/Models/Player/Animations/Player/Locomotion/file3.png
  artifactKey: Guid(9e0fc599e515a054da8285d3dca271ff) Importer(815301076,1909f56bfc062723c751e8b465ee728b)
Start importing Assets/Models/Player/Animations/Player/Locomotion/file3.png using Guid(9e0fc599e515a054da8285d3dca271ff) Importer(815301076,1909f56bfc062723c751e8b465ee728b)  -> (artifact id: 'd41413c0be52366191370f90bbbe9ffc') in 0.041170 seconds
  Import took 0.043325 seconds .

========================================================================
Received Import Request.
  Time since last request: 0.000234 seconds.
  path: Assets/Models/Player/Animations/Player/Locomotion/idle.fbx
  artifactKey: Guid(5395ce078a0e59549be710896e7e1785) Importer(815301076,1909f56bfc062723c751e8b465ee728b)
Start importing Assets/Models/Player/Animations/Player/Locomotion/idle.fbx using Guid(5395ce078a0e59549be710896e7e1785) Importer(815301076,1909f56bfc062723c751e8b465ee728b)  -> (artifact id: 'c2f34f83830da4c87a3cd55299ddb0b5') in 0.021634 seconds
  Import took 0.034448 seconds .

========================================================================
Received Import Request.
  Time since last request: 0.000242 seconds.
  path: Assets/Models/Player/Animations/Player/Locomotion/right turn 90.fbx
  artifactKey: Guid(e7fce7005bd2bf34f8584b31f194ba18) Importer(815301076,1909f56bfc062723c751e8b465ee728b)
Start importing Assets/Models/Player/Animations/Player/Locomotion/right turn 90.fbx using Guid(e7fce7005bd2bf34f8584b31f194ba18) Importer(815301076,1909f56bfc062723c751e8b465ee728b)  -> (artifact id: '0db249d9acb803cec08eb5b2a1e7d80c') in 0.007154 seconds
  Import took 0.043193 seconds .

========================================================================
Received Import Request.
  Time since last request: 0.000217 seconds.
  path: Assets/Models/Player/Animations/Player/Locomotion/right strafe.fbx
  artifactKey: Guid(db7763236f08c7d4eb3a72cda13eebf3) Importer(815301076,1909f56bfc062723c751e8b465ee728b)
Start importing Assets/Models/Player/Animations/Player/Locomotion/right strafe.fbx using Guid(db7763236f08c7d4eb3a72cda13eebf3) Importer(815301076,1909f56bfc062723c751e8b465ee728b)  -> (artifact id: '2ddd5f1c1b05ad2a7ac123c4789fed51') in 0.006188 seconds
  Import took 0.008639 seconds .

========================================================================
Received Import Request.
  Time since last request: 0.000229 seconds.
  path: Assets/Models/Player/Animations/Player/Locomotion/vampire_a_lusthAvatar.asset
  artifactKey: Guid(23cc928b871b74844b1b5c6505f42a78) Importer(815301076,1909f56bfc062723c751e8b465ee728b)
Start importing Assets/Models/Player/Animations/Player/Locomotion/vampire_a_lusthAvatar.asset using Guid(23cc928b871b74844b1b5c6505f42a78) Importer(815301076,1909f56bfc062723c751e8b465ee728b)  -> (artifact id: '1f9650f52fd0720cdaa5bbf212a25e52') in 0.006052 seconds
  Import took 0.008110 seconds .

========================================================================
Received Import Request.
  Time since last request: 0.000171 seconds.
  path: Assets/Models/Player/Animations/Player/Locomotion/walking.fbx
  artifactKey: Guid(c1a61fb1e330b5048823d484f4573b60) Importer(815301076,1909f56bfc062723c751e8b465ee728b)
Start importing Assets/Models/Player/Animations/Player/Locomotion/walking.fbx using Guid(c1a61fb1e330b5048823d484f4573b60) Importer(815301076,1909f56bfc062723c751e8b465ee728b)  -> (artifact id: '9616c9c397b94e60b2b4b998b44293dc') in 0.006262 seconds
  Import took 0.008616 seconds .

========================================================================
Received Import Request.
  Time since last request: 0.000153 seconds.
  path: Assets/Models/Player/Animations/Player/Locomotion/file2.png
  artifactKey: Guid(5d23394281ea68a49b7c04c3787bcc10) Importer(815301076,1909f56bfc062723c751e8b465ee728b)
Start importing Assets/Models/Player/Animations/Player/Locomotion/file2.png using Guid(5d23394281ea68a49b7c04c3787bcc10) Importer(815301076,1909f56bfc062723c751e8b465ee728b)  -> (artifact id: '1bfbedbd99de2d6c0b55bf17a358e1d5') in 0.009028 seconds
  Import took 0.010790 seconds .

========================================================================
Received Import Request.
  Time since last request: 0.000179 seconds.
  path: Assets/Models/Player/Animations/Player/Locomotion/jump.fbx
  artifactKey: Guid(163646a57dfac7c41b4624dd18f03920) Importer(815301076,1909f56bfc062723c751e8b465ee728b)
Start importing Assets/Models/Player/Animations/Player/Locomotion/jump.fbx using Guid(163646a57dfac7c41b4624dd18f03920) Importer(815301076,1909f56bfc062723c751e8b465ee728b)  -> (artifact id: '8903698aa76018a9f768cee244463b70') in 0.006034 seconds
  Import took 0.007928 seconds .

========================================================================
Received Import Request.
  Time since last request: 0.000152 seconds.
  path: Assets/Models/Player/Animations/Player/Locomotion/file5.png
  artifactKey: Guid(0f5cff47ed60b094cb1d1dc05466713c) Importer(815301076,1909f56bfc062723c751e8b465ee728b)
Start importing Assets/Models/Player/Animations/Player/Locomotion/file5.png using Guid(0f5cff47ed60b094cb1d1dc05466713c) Importer(815301076,1909f56bfc062723c751e8b465ee728b)  -> (artifact id: '0fa0e2a5ed73f276922f5b9a1ac65bd1') in 0.009279 seconds
  Import took 0.011107 seconds .

========================================================================
Received Import Request.
  Time since last request: 0.000228 seconds.
  path: Assets/Models/Player/Animations/Player/Locomotion/Idle.anim
  artifactKey: Guid(a94531a754a95eb469bcf4641a22abb7) Importer(815301076,1909f56bfc062723c751e8b465ee728b)
Start importing Assets/Models/Player/Animations/Player/Locomotion/Idle.anim using Guid(a94531a754a95eb469bcf4641a22abb7) Importer(815301076,1909f56bfc062723c751e8b465ee728b)  -> (artifact id: '8189105303e8b04581a5fb2d4ab8f5c4') in 0.010069 seconds
  Import took 0.012296 seconds .

========================================================================
Received Import Request.
  Time since last request: 0.000183 seconds.
  path: Assets/Models/Player/Animations/Player/Locomotion/left strafe.fbx
  artifactKey: Guid(b0fa74cde954414408f4c9b1339dd250) Importer(815301076,1909f56bfc062723c751e8b465ee728b)
Start importing Assets/Models/Player/Animations/Player/Locomotion/left strafe.fbx using Guid(b0fa74cde954414408f4c9b1339dd250) Importer(815301076,1909f56bfc062723c751e8b465ee728b)  -> (artifact id: 'e5cd89a38bcd671a836e97ed0e05cdc5') in 0.005862 seconds
  Import took 0.008137 seconds .

========================================================================
Received Import Request.
  Time since last request: 0.000207 seconds.
  path: Assets/Models/Player/Animations/Player/Locomotion/vampire_a_lusth.fbx
  artifactKey: Guid(6020a0f6688907641ac0a562b309a9f2) Importer(815301076,1909f56bfc062723c751e8b465ee728b)
Start importing Assets/Models/Player/Animations/Player/Locomotion/vampire_a_lusth.fbx using Guid(6020a0f6688907641ac0a562b309a9f2) Importer(815301076,1909f56bfc062723c751e8b465ee728b)  -> (artifact id: '6a24dce1e199fc66b9820e9d44c05101') in 0.040412 seconds
  Import took 0.043115 seconds .

========================================================================
Received Import Request.
  Time since last request: 0.000180 seconds.
  path: Assets/Models/Player/Animations/Player/Locomotion/file1.png
  artifactKey: Guid(82a68f3f1010b624a9a3bdfbd330d91f) Importer(815301076,1909f56bfc062723c751e8b465ee728b)
Start importing Assets/Models/Player/Animations/Player/Locomotion/file1.png using Guid(82a68f3f1010b624a9a3bdfbd330d91f) Importer(815301076,1909f56bfc062723c751e8b465ee728b)  -> (artifact id: '036b03ac054c20b225d94dd486b1ba8d') in 0.011359 seconds
  Import took 0.013305 seconds .

========================================================================
Received Import Request.
  Time since last request: 0.000163 seconds.
  path: Assets/Models/Player/Animations/Player/Locomotion/right strafe walking.fbx
  artifactKey: Guid(089564d395c693943a49942066fa86cd) Importer(815301076,1909f56bfc062723c751e8b465ee728b)
Start importing Assets/Models/Player/Animations/Player/Locomotion/right strafe walking.fbx using Guid(089564d395c693943a49942066fa86cd) Importer(815301076,1909f56bfc062723c751e8b465ee728b)  -> (artifact id: 'ec3eba16e28383b8873a5226e7c6aaf3') in 0.005683 seconds
  Import took 0.007597 seconds .

========================================================================
Received Import Request.
  Time since last request: 0.000182 seconds.
  path: Assets/Models/Player/Animations/Player/Locomotion/left turn 90.fbx
  artifactKey: Guid(50ac52de58f00f148a9410f4dd440cc8) Importer(815301076,1909f56bfc062723c751e8b465ee728b)
Start importing Assets/Models/Player/Animations/Player/Locomotion/left turn 90.fbx using Guid(50ac52de58f00f148a9410f4dd440cc8) Importer(815301076,1909f56bfc062723c751e8b465ee728b)  -> (artifact id: 'd3953f588884ba6cda16a2218b374216') in 0.005512 seconds
  Import took 0.007240 seconds .

========================================================================
Received Import Request.
  Time since last request: 0.000157 seconds.
  path: Assets/Models/Player/Animations/Player/Locomotion/standard run.fbx
  artifactKey: Guid(0b8cf828acf8a824dbd52c0684caf3e6) Importer(815301076,1909f56bfc062723c751e8b465ee728b)
Start importing Assets/Models/Player/Animations/Player/Locomotion/standard run.fbx using Guid(0b8cf828acf8a824dbd52c0684caf3e6) Importer(815301076,1909f56bfc062723c751e8b465ee728b)  -> (artifact id: '5d238c64402cc5e859e0571707d6f205') in 0.006536 seconds
  Import took 0.008594 seconds .

========================================================================
Received Import Request.
  Time since last request: 0.000171 seconds.
  path: Assets/Models/Player/Animations/Player/Locomotion/left strafe walking.fbx
  artifactKey: Guid(a6520793037bc1c498960ba462b53db1) Importer(815301076,1909f56bfc062723c751e8b465ee728b)
Start importing Assets/Models/Player/Animations/Player/Locomotion/left strafe walking.fbx using Guid(a6520793037bc1c498960ba462b53db1) Importer(815301076,1909f56bfc062723c751e8b465ee728b)  -> (artifact id: '290cd758ce5ebdaa5e03378cc1cef494') in 0.005045 seconds
  Import took 0.007119 seconds .

========================================================================
Received Prepare
Registering precompiled user dll's ...
Registered in 0.000709 seconds.
Begin MonoManager ReloadAssembly
Native extension for WindowsStandalone target not found
Refreshing native plugins compatible for Editor in 0.34 ms, found 0 plugins.
Preloading 0 native plugins for Editor in 0.00 ms.
Invoked RoslynAnalysisRunner static constructor.
RoslynAnalysisRunner will not be running.
RoslynAnalysisRunner has terminated.
Mono: successfully reloaded assembly
- Completed reload, in  0.729 seconds
Platform modules already initialized, skipping
Refreshing native plugins compatible for Editor in 0.46 ms, found 0 plugins.
Preloading 0 native plugins for Editor in 0.00 ms.
Unloading 1187 Unused Serialized files (Serialized files now loaded: 0)
System memory in use before: 92.8 MB.
System memory in use after: 92.9 MB.

Unloading 5 unused Assets to reduce memory usage. Loaded Objects now: 1770.
Total: 1.694900 ms (FindLiveObjects: 0.161400 ms CreateObjectMapping: 0.037300 ms MarkObjects: 1.436400 ms  DeleteObjects: 0.058900 ms)

========================================================================
Received Import Request.
  Time since last request: 218.502573 seconds.
  path: Assets/Models/Player/Animations/Player/Locomotion/PlayerController.controller
  artifactKey: Guid(02d753086b5bb714a80fc392ac9a4e3a) Importer(815301076,1909f56bfc062723c751e8b465ee728b)
Start importing Assets/Models/Player/Animations/Player/Locomotion/PlayerController.controller using Guid(02d753086b5bb714a80fc392ac9a4e3a) Importer(815301076,1909f56bfc062723c751e8b465ee728b)  -> (artifact id: 'b036c4aa28fd3a96d22a8c2abf86e273') in 0.125257 seconds
  Import took 0.128636 seconds .

========================================================================
Received Prepare
Registering precompiled user dll's ...
Registered in 0.000859 seconds.
Begin MonoManager ReloadAssembly
Native extension for WindowsStandalone target not found
Refreshing native plugins compatible for Editor in 0.35 ms, found 0 plugins.
Preloading 0 native plugins for Editor in 0.00 ms.
Invoked RoslynAnalysisRunner static constructor.
RoslynAnalysisRunner will not be running.
RoslynAnalysisRunner has terminated.
Mono: successfully reloaded assembly
- Completed reload, in  0.648 seconds
Platform modules already initialized, skipping
Refreshing native plugins compatible for Editor in 0.31 ms, found 0 plugins.
Preloading 0 native plugins for Editor in 0.00 ms.
Unloading 1187 Unused Serialized files (Serialized files now loaded: 0)
System memory in use before: 92.8 MB.
System memory in use after: 92.9 MB.

Unloading 5 unused Assets to reduce memory usage. Loaded Objects now: 1772.
Total: 1.812900 ms (FindLiveObjects: 0.170600 ms CreateObjectMapping: 0.037200 ms MarkObjects: 1.547600 ms  DeleteObjects: 0.056700 ms)

========================================================================
Received Import Request.
  Time since last request: 58.232118 seconds.
  path: Assets/Prefabs/Player 1.prefab
  artifactKey: Guid(54da4b8aa909fbb4ca5249e407c437c2) Importer(815301076,1909f56bfc062723c751e8b465ee728b)
Start importing Assets/Prefabs/Player 1.prefab using Guid(54da4b8aa909fbb4ca5249e407c437c2) Importer(815301076,1909f56bfc062723c751e8b465ee728b)  -> (artifact id: '8e970b1f2f1d7352695bf9fb959ce54d') in 0.057982 seconds
  Import took 0.060678 seconds .

========================================================================
Received Import Request.
  Time since last request: 10.040282 seconds.
  path: Assets/Prefabs/Player 1.prefab
  artifactKey: Guid(54da4b8aa909fbb4ca5249e407c437c2) Importer(815301076,1909f56bfc062723c751e8b465ee728b)
Start importing Assets/Prefabs/Player 1.prefab using Guid(54da4b8aa909fbb4ca5249e407c437c2) Importer(815301076,1909f56bfc062723c751e8b465ee728b)  -> (artifact id: '26fafc10052ed0f314764ff56bbf5d94') in 0.184483 seconds
  Import took 0.188240 seconds .

========================================================================
Received Prepare
Registering precompiled user dll's ...
Registered in 0.001935 seconds.
Begin MonoManager ReloadAssembly
Native extension for WindowsStandalone target not found
Refreshing native plugins compatible for Editor in 0.31 ms, found 0 plugins.
Preloading 0 native plugins for Editor in 0.00 ms.
Invoked RoslynAnalysisRunner static constructor.
RoslynAnalysisRunner will not be running.
RoslynAnalysisRunner has terminated.
Mono: successfully reloaded assembly
- Completed reload, in  0.645 seconds
Platform modules already initialized, skipping
Refreshing native plugins compatible for Editor in 0.31 ms, found 0 plugins.
Preloading 0 native plugins for Editor in 0.00 ms.
Unloading 1187 Unused Serialized files (Serialized files now loaded: 0)
System memory in use before: 92.8 MB.
System memory in use after: 92.9 MB.

Unloading 5 unused Assets to reduce memory usage. Loaded Objects now: 1775.
Total: 1.761600 ms (FindLiveObjects: 0.171200 ms CreateObjectMapping: 0.039500 ms MarkObjects: 1.490500 ms  DeleteObjects: 0.059200 ms)

========================================================================
Received Import Request.
  Time since last request: 63.699408 seconds.
  path: Assets/Prefabs/Player 1.prefab
  artifactKey: Guid(54da4b8aa909fbb4ca5249e407c437c2) Importer(815301076,1909f56bfc062723c751e8b465ee728b)
Start importing Assets/Prefabs/Player 1.prefab using Guid(54da4b8aa909fbb4ca5249e407c437c2) Importer(815301076,1909f56bfc062723c751e8b465ee728b)  -> (artifact id: '6d06f6a4ee51ddc66b7d2986aae8a6da') in 0.198929 seconds
  Import took 0.224834 seconds .

========================================================================
Received Import Request.
  Time since last request: 0.174558 seconds.
  path: Assets/Prefabs/Player 1.prefab
  artifactKey: Guid(54da4b8aa909fbb4ca5249e407c437c2) Importer(815301076,1909f56bfc062723c751e8b465ee728b)
Start importing Assets/Prefabs/Player 1.prefab using Guid(54da4b8aa909fbb4ca5249e407c437c2) Importer(815301076,1909f56bfc062723c751e8b465ee728b)  -> (artifact id: '0473a85d1f47338241d906ae4848806a') in 0.138431 seconds
  Import took 0.142416 seconds .

========================================================================
Received Import Request.
  Time since last request: 1.880103 seconds.
  path: Assets/Prefabs/Player 1.prefab
  artifactKey: Guid(54da4b8aa909fbb4ca5249e407c437c2) Importer(815301076,1909f56bfc062723c751e8b465ee728b)
Start importing Assets/Prefabs/Player 1.prefab using Guid(54da4b8aa909fbb4ca5249e407c437c2) Importer(815301076,1909f56bfc062723c751e8b465ee728b)  -> (artifact id: 'dcdc0bc880703cf176a9a1c9ca2337ba') in 0.130295 seconds
  Import took 0.134043 seconds .

========================================================================
Received Prepare
Registering precompiled user dll's ...
Registered in 0.011818 seconds.
Begin MonoManager ReloadAssembly
Native extension for WindowsStandalone target not found
Refreshing native plugins compatible for Editor in 0.33 ms, found 0 plugins.
Preloading 0 native plugins for Editor in 0.00 ms.
Invoked RoslynAnalysisRunner static constructor.
RoslynAnalysisRunner will not be running.
RoslynAnalysisRunner has terminated.
Mono: successfully reloaded assembly
- Completed reload, in  0.730 seconds
Platform modules already initialized, skipping
Refreshing native plugins compatible for Editor in 0.47 ms, found 0 plugins.
Preloading 0 native plugins for Editor in 0.00 ms.
Unloading 1187 Unused Serialized files (Serialized files now loaded: 0)
System memory in use before: 92.9 MB.
System memory in use after: 92.9 MB.

Unloading 5 unused Assets to reduce memory usage. Loaded Objects now: 1778.
Total: 1.928300 ms (FindLiveObjects: 0.189300 ms CreateObjectMapping: 0.036900 ms MarkObjects: 1.637100 ms  DeleteObjects: 0.064100 ms)

========================================================================
Received Import Request.
  Time since last request: 45.151797 seconds.
  path: Assets/Prefabs/Player 1.prefab
  artifactKey: Guid(54da4b8aa909fbb4ca5249e407c437c2) Importer(815301076,1909f56bfc062723c751e8b465ee728b)
Start importing Assets/Prefabs/Player 1.prefab using Guid(54da4b8aa909fbb4ca5249e407c437c2) Importer(815301076,1909f56bfc062723c751e8b465ee728b)  -> (artifact id: '8d8411da7c997827eef9f39375f0cff2') in 0.260211 seconds
  Import took 0.264613 seconds .

========================================================================
Received Import Request.
  Time since last request: 1.521358 seconds.
  path: Assets/Prefabs/Player 1.prefab
  artifactKey: Guid(54da4b8aa909fbb4ca5249e407c437c2) Importer(815301076,1909f56bfc062723c751e8b465ee728b)
Start importing Assets/Prefabs/Player 1.prefab using Guid(54da4b8aa909fbb4ca5249e407c437c2) Importer(815301076,1909f56bfc062723c751e8b465ee728b)  -> (artifact id: '1ddd1b864202920890efec262910435d') in 0.146539 seconds
  Import took 0.150679 seconds .

========================================================================
Received Prepare
Registering precompiled user dll's ...
Registered in 0.001283 seconds.
Begin MonoManager ReloadAssembly
Native extension for WindowsStandalone target not found
Refreshing native plugins compatible for Editor in 0.34 ms, found 0 plugins.
Preloading 0 native plugins for Editor in 0.00 ms.
Invoked RoslynAnalysisRunner static constructor.
RoslynAnalysisRunner will not be running.
RoslynAnalysisRunner has terminated.
Mono: successfully reloaded assembly
- Completed reload, in  0.738 seconds
Platform modules already initialized, skipping
Refreshing native plugins compatible for Editor in 0.51 ms, found 0 plugins.
Preloading 0 native plugins for Editor in 0.00 ms.
Unloading 1187 Unused Serialized files (Serialized files now loaded: 0)
System memory in use before: 93.0 MB.
System memory in use after: 93.0 MB.

Unloading 5 unused Assets to reduce memory usage. Loaded Objects now: 1781.
Total: 2.278800 ms (FindLiveObjects: 0.192300 ms CreateObjectMapping: 0.055100 ms MarkObjects: 1.952500 ms  DeleteObjects: 0.078000 ms)

========================================================================
Received Prepare
Registering precompiled user dll's ...
Registered in 0.000976 seconds.
Begin MonoManager ReloadAssembly
Native extension for WindowsStandalone target not found
Refreshing native plugins compatible for Editor in 0.33 ms, found 0 plugins.
Preloading 0 native plugins for Editor in 0.00 ms.
Invoked RoslynAnalysisRunner static constructor.
RoslynAnalysisRunner will not be running.
RoslynAnalysisRunner has terminated.
Mono: successfully reloaded assembly
- Completed reload, in  0.654 seconds
Platform modules already initialized, skipping
Refreshing native plugins compatible for Editor in 0.32 ms, found 0 plugins.
Preloading 0 native plugins for Editor in 0.00 ms.
Unloading 1187 Unused Serialized files (Serialized files now loaded: 0)
System memory in use before: 93.0 MB.
System memory in use after: 93.0 MB.

Unloading 5 unused Assets to reduce memory usage. Loaded Objects now: 1783.
Total: 1.799300 ms (FindLiveObjects: 0.162400 ms CreateObjectMapping: 0.039400 ms MarkObjects: 1.533600 ms  DeleteObjects: 0.062600 ms)

========================================================================
Received Import Request.
  Time since last request: 212.704574 seconds.
  path: Assets/Scripts/Client.cs
  artifactKey: Guid(fc8aa690fc904544782975da5cc4efd9) Importer(815301076,1909f56bfc062723c751e8b465ee728b)
Start importing Assets/Scripts/Client.cs using Guid(fc8aa690fc904544782975da5cc4efd9) Importer(815301076,1909f56bfc062723c751e8b465ee728b)  -> (artifact id: '27b591eacf230be7833d1901924fb1ad') in 0.008448 seconds
  Import took 0.010873 seconds .

========================================================================
Received Import Request.
  Time since last request: 5.811378 seconds.
  path: Assets/Scripts/Player.cs
  artifactKey: Guid(3213f4a6ba5bbe446af37c06706b4345) Importer(815301076,1909f56bfc062723c751e8b465ee728b)
Start importing Assets/Scripts/Player.cs using Guid(3213f4a6ba5bbe446af37c06706b4345) Importer(815301076,1909f56bfc062723c751e8b465ee728b)  -> (artifact id: 'b5e275b92b073e59ab42c4a1d68f4a10') in 0.003180 seconds
  Import took 0.005620 seconds .

========================================================================
Received Import Request.
  Time since last request: 27.188920 seconds.
  path: Assets/Scripts/Server.cs
  artifactKey: Guid(83ae6eda22e00dd4984a32a090e5f154) Importer(815301076,1909f56bfc062723c751e8b465ee728b)
Start importing Assets/Scripts/Server.cs using Guid(83ae6eda22e00dd4984a32a090e5f154) Importer(815301076,1909f56bfc062723c751e8b465ee728b)  -> (artifact id: 'c9001930b5308d2477ace4bf394bbaf3') in 0.003089 seconds
  Import took 0.005396 seconds .

========================================================================
Received Import Request.
  Time since last request: 0.495116 seconds.
  path: Assets/Scripts/ServerHandle.cs
  artifactKey: Guid(e882583ead9603a45acc80f952cb8070) Importer(815301076,1909f56bfc062723c751e8b465ee728b)
Start importing Assets/Scripts/ServerHandle.cs using Guid(e882583ead9603a45acc80f952cb8070) Importer(815301076,1909f56bfc062723c751e8b465ee728b)  -> (artifact id: '12851d052d0635d8f1227530b7d01f4c') in 0.002702 seconds
  Import took 0.004764 seconds .

========================================================================
Received Prepare
Registering precompiled user dll's ...
Registered in 0.001186 seconds.
Begin MonoManager ReloadAssembly
Native extension for WindowsStandalone target not found
Refreshing native plugins compatible for Editor in 0.50 ms, found 0 plugins.
Preloading 0 native plugins for Editor in 0.00 ms.
Invoked RoslynAnalysisRunner static constructor.
RoslynAnalysisRunner will not be running.
RoslynAnalysisRunner has terminated.
Mono: successfully reloaded assembly
- Completed reload, in  0.857 seconds
Platform modules already initialized, skipping
Refreshing native plugins compatible for Editor in 0.34 ms, found 0 plugins.
Preloading 0 native plugins for Editor in 0.00 ms.
Unloading 1187 Unused Serialized files (Serialized files now loaded: 0)
System memory in use before: 93.0 MB.
System memory in use after: 93.1 MB.

Unloading 5 unused Assets to reduce memory usage. Loaded Objects now: 1785.
Total: 2.071500 ms (FindLiveObjects: 0.255500 ms CreateObjectMapping: 0.069700 ms MarkObjects: 1.670600 ms  DeleteObjects: 0.074700 ms)

AssetImportWorkerClient::OnTransportError - code=2 error=End of file
